

Microchip MPLAB XC8 Assembler V2.41 build 20230208172133 
                                                                                               Thu Jun 22 11:16:55 2023

Microchip MPLAB XC8 C Compiler v2.41 (Free license) build 20230208172133 Og1 
     1                           	processor	16F1778
     2                           	pagewidth 120
     3                           	opt	flic
     4                           	psect	cinit,global,class=CODE,merge=1,delta=2
     5                           	psect	bssCOMMON,global,class=COMMON,space=1,delta=1,noexec
     6                           	psect	cstackCOMMON,global,class=COMMON,space=1,delta=1,noexec
     7                           	psect	maintext,global,class=CODE,merge=1,split=1,delta=2
     8                           	psect	text1,local,class=CODE,merge=1,delta=2
     9                           	psect	text2,local,class=CODE,merge=1,delta=2
    10                           	psect	text3,local,class=CODE,merge=1,delta=2
    11                           	psect	text4,local,class=CODE,merge=1,delta=2
    12                           	psect	text5,local,class=CODE,merge=1,delta=2
    13                           	psect	intentry,global,class=CODE,delta=2
    14                           	psect	text7,local,class=CODE,merge=1,delta=2
    15                           	dabs	1,0x7E,2
    16     0000                     
    17                           ; Generated 28/03/2023 GMT
    18                           ; 
    19                           ; Copyright © 2023, Microchip Technology Inc. and its subsidiaries ("Microchip")
    20                           ; All rights reserved.
    21                           ; 
    22                           ; This software is developed by Microchip Technology Inc. and its subsidiaries ("Microch
      +                          ip").
    23                           ; 
    24                           ; Redistribution and use in source and binary forms, with or without modification, are
    25                           ; permitted provided that the following conditions are met:
    26                           ; 
    27                           ;     1. Redistributions of source code must retain the above copyright notice, this lis
      +                          t of
    28                           ;        conditions and the following disclaimer.
    29                           ; 
    30                           ;     2. Redistributions in binary form must reproduce the above copyright notice, this 
      +                          list
    31                           ;        of conditions and the following disclaimer in the documentation and/or other
    32                           ;        materials provided with the distribution. Publication is not required when
    33                           ;        this file is used in an embedded application.
    34                           ; 
    35                           ;     3. Microchip's name may not be used to endorse or promote products derived from th
      +                          is
    36                           ;        software without specific prior written permission.
    37                           ; 
    38                           ; THIS SOFTWARE IS PROVIDED BY MICROCHIP "AS IS" AND ANY EXPRESS OR IMPLIED WARRANTIES,
    39                           ; INCLUDING, BUT NOT LIMITED TO, THE IMPLIED WARRANTIES OF MERCHANTABILITY AND FITNESS F
      +                          OR
    40                           ; PURPOSE ARE DISCLAIMED.  IN NO EVENT SHALL MICROCHIP BE LIABLE FOR ANY DIRECT, INDIREC
      +                          T,
    41                           ; INCIDENTAL, SPECIAL, EXEMPLARY, OR CONSEQUENTIAL DAMAGES (INCLUDING BUT NOT LIMITED TO
    42                           ; PROCUREMENT OF SUBSTITUTE GOODS OR SERVICES; LOSS OF USE, DATA OR PROFITS; OR BUSINESS
    43                           ; INTERRUPTION) HOWSOEVER CAUSED AND ON ANY THEORY OF LIABILITY, WHETHER IN CONTRACT, ST
      +                          RICT
    44                           ; LIABILITY, OR TORT (INCLUDING NEGLIGENCE OR OTHERWISE) ARISING IN ANY WAY OUT OF THE U
      +                          SE OF
    45                           ; THIS SOFTWARE, EVEN IF ADVISED OF THE POSSIBILITY OF SUCH DAMAGE.
    46                           ; 
    47                           ; 
    48                           ; Code-generator required, PIC16F1778 Definitions
    49                           ; 
    50                           ; SFR Addresses
    51     0000                     	;# 
    52     0001                     	;# 
    53     0002                     	;# 
    54     0003                     	;# 
    55     0004                     	;# 
    56     0005                     	;# 
    57     0006                     	;# 
    58     0007                     	;# 
    59     0008                     	;# 
    60     0009                     	;# 
    61     000A                     	;# 
    62     000B                     	;# 
    63     000C                     	;# 
    64     000D                     	;# 
    65     000E                     	;# 
    66     0010                     	;# 
    67     0011                     	;# 
    68     0012                     	;# 
    69     0013                     	;# 
    70     0014                     	;# 
    71     0015                     	;# 
    72     0016                     	;# 
    73     0017                     	;# 
    74     0018                     	;# 
    75     0018                     	;# 
    76     0019                     	;# 
    77     001A                     	;# 
    78     001B                     	;# 
    79     001C                     	;# 
    80     001C                     	;# 
    81     001D                     	;# 
    82     001E                     	;# 
    83     001F                     	;# 
    84     008C                     	;# 
    85     008D                     	;# 
    86     008E                     	;# 
    87     0090                     	;# 
    88     0091                     	;# 
    89     0092                     	;# 
    90     0093                     	;# 
    91     0094                     	;# 
    92     0095                     	;# 
    93     0096                     	;# 
    94     0097                     	;# 
    95     0098                     	;# 
    96     0099                     	;# 
    97     009A                     	;# 
    98     009B                     	;# 
    99     009C                     	;# 
   100     009D                     	;# 
   101     009E                     	;# 
   102     009F                     	;# 
   103     010C                     	;# 
   104     010D                     	;# 
   105     010E                     	;# 
   106     0111                     	;# 
   107     0112                     	;# 
   108     0113                     	;# 
   109     0114                     	;# 
   110     0115                     	;# 
   111     0116                     	;# 
   112     0117                     	;# 
   113     0118                     	;# 
   114     0119                     	;# 
   115     011A                     	;# 
   116     011B                     	;# 
   117     011C                     	;# 
   118     011D                     	;# 
   119     018C                     	;# 
   120     018D                     	;# 
   121     018E                     	;# 
   122     0191                     	;# 
   123     0191                     	;# 
   124     0192                     	;# 
   125     0193                     	;# 
   126     0193                     	;# 
   127     0194                     	;# 
   128     0195                     	;# 
   129     0196                     	;# 
   130     0197                     	;# 
   131     0199                     	;# 
   132     0199                     	;# 
   133     0199                     	;# 
   134     019A                     	;# 
   135     019A                     	;# 
   136     019A                     	;# 
   137     019B                     	;# 
   138     019B                     	;# 
   139     019B                     	;# 
   140     019B                     	;# 
   141     019B                     	;# 
   142     019C                     	;# 
   143     019C                     	;# 
   144     019C                     	;# 
   145     019D                     	;# 
   146     019D                     	;# 
   147     019D                     	;# 
   148     019E                     	;# 
   149     019E                     	;# 
   150     019E                     	;# 
   151     019F                     	;# 
   152     019F                     	;# 
   153     019F                     	;# 
   154     019F                     	;# 
   155     019F                     	;# 
   156     020C                     	;# 
   157     020D                     	;# 
   158     020E                     	;# 
   159     0210                     	;# 
   160     0211                     	;# 
   161     0211                     	;# 
   162     0212                     	;# 
   163     0212                     	;# 
   164     0213                     	;# 
   165     0213                     	;# 
   166     0214                     	;# 
   167     0214                     	;# 
   168     0215                     	;# 
   169     0215                     	;# 
   170     0215                     	;# 
   171     0215                     	;# 
   172     0216                     	;# 
   173     0216                     	;# 
   174     0217                     	;# 
   175     0217                     	;# 
   176     021B                     	;# 
   177     021C                     	;# 
   178     021D                     	;# 
   179     021E                     	;# 
   180     021F                     	;# 
   181     028C                     	;# 
   182     028D                     	;# 
   183     028E                     	;# 
   184     0291                     	;# 
   185     0291                     	;# 
   186     0292                     	;# 
   187     0293                     	;# 
   188     0294                     	;# 
   189     0295                     	;# 
   190     0295                     	;# 
   191     0296                     	;# 
   192     0297                     	;# 
   193     0298                     	;# 
   194     0299                     	;# 
   195     0299                     	;# 
   196     029A                     	;# 
   197     029B                     	;# 
   198     029C                     	;# 
   199     029E                     	;# 
   200     029F                     	;# 
   201     030C                     	;# 
   202     030D                     	;# 
   203     030E                     	;# 
   204     0315                     	;# 
   205     0316                     	;# 
   206     0317                     	;# 
   207     0318                     	;# 
   208     0319                     	;# 
   209     031B                     	;# 
   210     031C                     	;# 
   211     031D                     	;# 
   212     031E                     	;# 
   213     031F                     	;# 
   214     038C                     	;# 
   215     038D                     	;# 
   216     038E                     	;# 
   217     0390                     	;# 
   218     0391                     	;# 
   219     0392                     	;# 
   220     0393                     	;# 
   221     0394                     	;# 
   222     0395                     	;# 
   223     0396                     	;# 
   224     0397                     	;# 
   225     0398                     	;# 
   226     0399                     	;# 
   227     039D                     	;# 
   228     039E                     	;# 
   229     039F                     	;# 
   230     040D                     	;# 
   231     040F                     	;# 
   232     040F                     	;# 
   233     0410                     	;# 
   234     0411                     	;# 
   235     0412                     	;# 
   236     0413                     	;# 
   237     0413                     	;# 
   238     0414                     	;# 
   239     0414                     	;# 
   240     0415                     	;# 
   241     0416                     	;# 
   242     0417                     	;# 
   243     0418                     	;# 
   244     041A                     	;# 
   245     041A                     	;# 
   246     041B                     	;# 
   247     041B                     	;# 
   248     041C                     	;# 
   249     041D                     	;# 
   250     041E                     	;# 
   251     041F                     	;# 
   252     048E                     	;# 
   253     048E                     	;# 
   254     048F                     	;# 
   255     0490                     	;# 
   256     0491                     	;# 
   257     0492                     	;# 
   258     0493                     	;# 
   259     0493                     	;# 
   260     0494                     	;# 
   261     0494                     	;# 
   262     0495                     	;# 
   263     0496                     	;# 
   264     0497                     	;# 
   265     0498                     	;# 
   266     049A                     	;# 
   267     049A                     	;# 
   268     049B                     	;# 
   269     049B                     	;# 
   270     049C                     	;# 
   271     049D                     	;# 
   272     049E                     	;# 
   273     049F                     	;# 
   274     050F                     	;# 
   275     0510                     	;# 
   276     0511                     	;# 
   277     0512                     	;# 
   278     0513                     	;# 
   279     0514                     	;# 
   280     0515                     	;# 
   281     0516                     	;# 
   282     0517                     	;# 
   283     0518                     	;# 
   284     0519                     	;# 
   285     051A                     	;# 
   286     058D                     	;# 
   287     058E                     	;# 
   288     058F                     	;# 
   289     058F                     	;# 
   290     058F                     	;# 
   291     0590                     	;# 
   292     0590                     	;# 
   293     0591                     	;# 
   294     0592                     	;# 
   295     0592                     	;# 
   296     0592                     	;# 
   297     0593                     	;# 
   298     0593                     	;# 
   299     0594                     	;# 
   300     0595                     	;# 
   301     0595                     	;# 
   302     0596                     	;# 
   303     0597                     	;# 
   304     0597                     	;# 
   305     0598                     	;# 
   306     0599                     	;# 
   307     0599                     	;# 
   308     0599                     	;# 
   309     059A                     	;# 
   310     059A                     	;# 
   311     059E                     	;# 
   312     059F                     	;# 
   313     059F                     	;# 
   314     0614                     	;# 
   315     0614                     	;# 
   316     0615                     	;# 
   317     0616                     	;# 
   318     0617                     	;# 
   319     0617                     	;# 
   320     0618                     	;# 
   321     0619                     	;# 
   322     061A                     	;# 
   323     061A                     	;# 
   324     061B                     	;# 
   325     061C                     	;# 
   326     068D                     	;# 
   327     068E                     	;# 
   328     068F                     	;# 
   329     0690                     	;# 
   330     0691                     	;# 
   331     0692                     	;# 
   332     0693                     	;# 
   333     0694                     	;# 
   334     0695                     	;# 
   335     0696                     	;# 
   336     0697                     	;# 
   337     0698                     	;# 
   338     0699                     	;# 
   339     069A                     	;# 
   340     069B                     	;# 
   341     069C                     	;# 
   342     069D                     	;# 
   343     069E                     	;# 
   344     069F                     	;# 
   345     070D                     	;# 
   346     070E                     	;# 
   347     070F                     	;# 
   348     0710                     	;# 
   349     0711                     	;# 
   350     0712                     	;# 
   351     0713                     	;# 
   352     0714                     	;# 
   353     0715                     	;# 
   354     0716                     	;# 
   355     0717                     	;# 
   356     0718                     	;# 
   357     0719                     	;# 
   358     071A                     	;# 
   359     071B                     	;# 
   360     071C                     	;# 
   361     071D                     	;# 
   362     071E                     	;# 
   363     071F                     	;# 
   364     078E                     	;# 
   365     078F                     	;# 
   366     0790                     	;# 
   367     0791                     	;# 
   368     0792                     	;# 
   369     0793                     	;# 
   370     0794                     	;# 
   371     0795                     	;# 
   372     0796                     	;# 
   373     0797                     	;# 
   374     0798                     	;# 
   375     0799                     	;# 
   376     079A                     	;# 
   377     079B                     	;# 
   378     079C                     	;# 
   379     079D                     	;# 
   380     079E                     	;# 
   381     079F                     	;# 
   382     080D                     	;# 
   383     080E                     	;# 
   384     080F                     	;# 
   385     0810                     	;# 
   386     0811                     	;# 
   387     0812                     	;# 
   388     0813                     	;# 
   389     0814                     	;# 
   390     0815                     	;# 
   391     0816                     	;# 
   392     0817                     	;# 
   393     0818                     	;# 
   394     0819                     	;# 
   395     081A                     	;# 
   396     081B                     	;# 
   397     081C                     	;# 
   398     081D                     	;# 
   399     081E                     	;# 
   400     081F                     	;# 
   401     090C                     	;# 
   402     090D                     	;# 
   403     090E                     	;# 
   404     090F                     	;# 
   405     0910                     	;# 
   406     0911                     	;# 
   407     0912                     	;# 
   408     0913                     	;# 
   409     0914                     	;# 
   410     0915                     	;# 
   411     0916                     	;# 
   412     0917                     	;# 
   413     0D8E                     	;# 
   414     0D8F                     	;# 
   415     0D90                     	;# 
   416     0D91                     	;# 
   417     0D91                     	;# 
   418     0D92                     	;# 
   419     0D93                     	;# 
   420     0D93                     	;# 
   421     0D94                     	;# 
   422     0D95                     	;# 
   423     0D95                     	;# 
   424     0D96                     	;# 
   425     0D97                     	;# 
   426     0D97                     	;# 
   427     0D98                     	;# 
   428     0D99                     	;# 
   429     0D99                     	;# 
   430     0D9A                     	;# 
   431     0D9B                     	;# 
   432     0D9C                     	;# 
   433     0D9C                     	;# 
   434     0D9D                     	;# 
   435     0D9D                     	;# 
   436     0D9E                     	;# 
   437     0D9F                     	;# 
   438     0DA0                     	;# 
   439     0DA1                     	;# 
   440     0DA1                     	;# 
   441     0DA2                     	;# 
   442     0DA3                     	;# 
   443     0DA3                     	;# 
   444     0DA4                     	;# 
   445     0DA5                     	;# 
   446     0DA5                     	;# 
   447     0DA6                     	;# 
   448     0DA7                     	;# 
   449     0DA7                     	;# 
   450     0DA8                     	;# 
   451     0DA9                     	;# 
   452     0DA9                     	;# 
   453     0DAA                     	;# 
   454     0DAB                     	;# 
   455     0DAC                     	;# 
   456     0DAC                     	;# 
   457     0DAD                     	;# 
   458     0DAD                     	;# 
   459     0DAE                     	;# 
   460     0DAF                     	;# 
   461     0DB0                     	;# 
   462     0DB1                     	;# 
   463     0DB1                     	;# 
   464     0DB2                     	;# 
   465     0DB3                     	;# 
   466     0DB3                     	;# 
   467     0DB4                     	;# 
   468     0DB5                     	;# 
   469     0DB5                     	;# 
   470     0DB6                     	;# 
   471     0DB7                     	;# 
   472     0DB7                     	;# 
   473     0DB8                     	;# 
   474     0DB9                     	;# 
   475     0DB9                     	;# 
   476     0DBA                     	;# 
   477     0DBB                     	;# 
   478     0DBC                     	;# 
   479     0DBC                     	;# 
   480     0DBD                     	;# 
   481     0DBD                     	;# 
   482     0DBE                     	;# 
   483     0DBF                     	;# 
   484     0DC0                     	;# 
   485     0E0C                     	;# 
   486     0E0D                     	;# 
   487     0E0E                     	;# 
   488     0E0F                     	;# 
   489     0E10                     	;# 
   490     0E11                     	;# 
   491     0E12                     	;# 
   492     0E13                     	;# 
   493     0E14                     	;# 
   494     0E15                     	;# 
   495     0E15                     	;# 
   496     0E15                     	;# 
   497     0E16                     	;# 
   498     0E16                     	;# 
   499     0E16                     	;# 
   500     0E17                     	;# 
   501     0E17                     	;# 
   502     0E17                     	;# 
   503     0E18                     	;# 
   504     0E18                     	;# 
   505     0E18                     	;# 
   506     0E19                     	;# 
   507     0E1A                     	;# 
   508     0E1B                     	;# 
   509     0E1D                     	;# 
   510     0E1E                     	;# 
   511     0E1F                     	;# 
   512     0E21                     	;# 
   513     0E22                     	;# 
   514     0E23                     	;# 
   515     0E24                     	;# 
   516     0E25                     	;# 
   517     0E26                     	;# 
   518     0E27                     	;# 
   519     0E28                     	;# 
   520     0E29                     	;# 
   521     0E2D                     	;# 
   522     0E2E                     	;# 
   523     0E2F                     	;# 
   524     0E30                     	;# 
   525     0E31                     	;# 
   526     0E32                     	;# 
   527     0E35                     	;# 
   528     0E36                     	;# 
   529     0E37                     	;# 
   530     0E38                     	;# 
   531     0E39                     	;# 
   532     0E3A                     	;# 
   533     0E3B                     	;# 
   534     0E3C                     	;# 
   535     0E3D                     	;# 
   536     0E3E                     	;# 
   537     0E90                     	;# 
   538     0E91                     	;# 
   539     0E92                     	;# 
   540     0E93                     	;# 
   541     0E94                     	;# 
   542     0E95                     	;# 
   543     0E96                     	;# 
   544     0E97                     	;# 
   545     0E98                     	;# 
   546     0E99                     	;# 
   547     0E9A                     	;# 
   548     0E9B                     	;# 
   549     0E9C                     	;# 
   550     0E9D                     	;# 
   551     0E9E                     	;# 
   552     0E9F                     	;# 
   553     0EA0                     	;# 
   554     0EA1                     	;# 
   555     0EA2                     	;# 
   556     0EA3                     	;# 
   557     0EA4                     	;# 
   558     0EA5                     	;# 
   559     0EA6                     	;# 
   560     0EA7                     	;# 
   561     0F0F                     	;# 
   562     0F10                     	;# 
   563     0F11                     	;# 
   564     0F12                     	;# 
   565     0F13                     	;# 
   566     0F14                     	;# 
   567     0F15                     	;# 
   568     0F16                     	;# 
   569     0F17                     	;# 
   570     0F18                     	;# 
   571     0F19                     	;# 
   572     0F1A                     	;# 
   573     0F1B                     	;# 
   574     0F1C                     	;# 
   575     0F1D                     	;# 
   576     0F1E                     	;# 
   577     0F1F                     	;# 
   578     0F20                     	;# 
   579     0F21                     	;# 
   580     0F22                     	;# 
   581     0F23                     	;# 
   582     0F24                     	;# 
   583     0F25                     	;# 
   584     0F26                     	;# 
   585     0F27                     	;# 
   586     0F28                     	;# 
   587     0F29                     	;# 
   588     0F2A                     	;# 
   589     0F2B                     	;# 
   590     0F2C                     	;# 
   591     0F2D                     	;# 
   592     0F2E                     	;# 
   593     0F2F                     	;# 
   594     0F30                     	;# 
   595     0F31                     	;# 
   596     0F32                     	;# 
   597     0F33                     	;# 
   598     0F34                     	;# 
   599     0F35                     	;# 
   600     0F36                     	;# 
   601     0F37                     	;# 
   602     0FE4                     	;# 
   603     0FE5                     	;# 
   604     0FE6                     	;# 
   605     0FE7                     	;# 
   606     0FE8                     	;# 
   607     0FE9                     	;# 
   608     0FEA                     	;# 
   609     0FEB                     	;# 
   610     0FED                     	;# 
   611     0FEE                     	;# 
   612     0FEF                     	;# 
   613     0011                     _PIR1bits	set	17
   614     000B                     _INTCONbits	set	11
   615     005F                     _GIE	set	95
   616     005E                     _PEIE	set	94
   617     0091                     _PIE1bits	set	145
   618     008E                     _TRISC	set	142
   619     008D                     _TRISB	set	141
   620     008C                     _TRISA	set	140
   621     009B                     _OSCCON	set	155
   622     0489                     _TMR2IE	set	1161
   623     04E6                     _PLLR	set	1254
   624     010E                     _LATC	set	270
   625     010D                     _LATB	set	269
   626     010C                     _LATA	set	268
   627     018E                     _ANSELC	set	398
   628     018D                     _ANSELB	set	397
   629     018C                     _ANSELA	set	396
   630     020E                     _WPUC	set	526
   631     020D                     _WPUB	set	525
   632     020C                     _WPUA	set	524
   633     028E                     _ODCONC	set	654
   634     028D                     _ODCONB	set	653
   635     028C                     _ODCONA	set	652
   636     0496                     _T2HLT	set	1174
   637     0495                     _T2CON	set	1173
   638     0497                     _T2CLKCON	set	1175
   639                           
   640                           	psect	cinit
   641     001C                     start_initialization:	
   642                           ; #config settings
   643                           
   644     001C                     __initialization:
   645                           
   646                           ; Clear objects allocated to COMMON
   647     001C  01F0               	clrf	__pbssCOMMON& (0+127)
   648     001D  01F1               	clrf	(__pbssCOMMON+1)& (0+127)
   649     001E  01F2               	clrf	(__pbssCOMMON+2)& (0+127)
   650     001F                     end_of_initialization:	
   651                           ;End of C runtime variable initialization code
   652                           
   653     001F                     __end_of__initialization:
   654     001F  107E               	bcf	int$flags,0	;clear compiler interrupt flag (level 1)
   655     0020  0020               	movlb	0
   656     0021  3180  2848         	ljmp	_main	;jump to C main() function
   657                           
   658                           	psect	bssCOMMON
   659     0070                     __pbssCOMMON:
   660     0070                     _g_LEDBlinkTimer:
   661     0070                     	ds	1
   662     0071                     _g_MainLoop_F:
   663     0071                     	ds	1
   664     0072                     _g_MainLoop1msTick:
   665     0072                     	ds	1
   666                           
   667                           	psect	cstackCOMMON
   668     0073                     __pcstackCOMMON:
   669     0073                     ?_TMR3_ISR:
   670     0073                     ??_TMR3_ISR:	
   671                           ; 1 bytes @ 0x0
   672                           
   673     0073                     ?_Init_MainClock:	
   674                           ; 1 bytes @ 0x0
   675                           
   676     0073                     ?_Init_PortDirection:	
   677                           ; 1 bytes @ 0x0
   678                           
   679     0073                     ?_Init_PPS:	
   680                           ; 1 bytes @ 0x0
   681                           
   682     0073                     ?_Init_Timer:	
   683                           ; 1 bytes @ 0x0
   684                           
   685     0073                     ?_EnableInterruptAtSystemWakeup:	
   686                           ; 1 bytes @ 0x0
   687                           
   688     0073                     ?_INTERRUPT_MainHandler:	
   689                           ; 1 bytes @ 0x0
   690                           
   691     0073                     ?_main:	
   692                           ; 1 bytes @ 0x0
   693                           
   694                           
   695                           ; 1 bytes @ 0x0
   696     0073                     	ds	1
   697     0074                     ??_Init_MainClock:
   698     0074                     ??_Init_PortDirection:	
   699                           ; 1 bytes @ 0x1
   700                           
   701     0074                     ??_Init_PPS:	
   702                           ; 1 bytes @ 0x1
   703                           
   704     0074                     ??_Init_Timer:	
   705                           ; 1 bytes @ 0x1
   706                           
   707     0074                     ??_EnableInterruptAtSystemWakeup:	
   708                           ; 1 bytes @ 0x1
   709                           
   710     0074                     ??_INTERRUPT_MainHandler:	
   711                           ; 1 bytes @ 0x1
   712                           
   713     0074                     ??_main:	
   714                           ; 1 bytes @ 0x1
   715                           
   716                           
   717                           	psect	maintext
   718     0048                     __pmaintext:	
   719                           ; 1 bytes @ 0x1
   720 ;;
   721 ;;Main: autosize = 0, tempsize = 0, incstack = 0, save=0
   722 ;;
   723 ;; *************** function _main *****************
   724 ;; Defined at:
   725 ;;		line 100 in file "main.c"
   726 ;; Parameters:    Size  Location     Type
   727 ;;		None
   728 ;; Auto vars:     Size  Location     Type
   729 ;;		None
   730 ;; Return value:  Size  Location     Type
   731 ;;                  1    wreg      void 
   732 ;; Registers used:
   733 ;;		wreg, status,2, status,0, pclath, cstack
   734 ;; Tracked objects:
   735 ;;		On entry : B1F/0
   736 ;;		On exit  : 0/0
   737 ;;		Unchanged: 0/0
   738 ;; Data sizes:     COMMON   BANK0   BANK1   BANK2   BANK3   BANK4   BANK5   BANK6   BANK7   BANK8   BANK9  BANK10  BANK1
      +1  BANK12  BANK13  BANK14  BANK15  BANK16  BANK17  BANK18  BANK19  BANK20  BANK21  BANK22  BANK23  BANK24  BANK25
   739 ;;      Params:         0       0       0       0       0       0       0       0       0       0       0       0       
      +0       0       0       0       0       0       0       0       0       0       0       0       0       0       0
   740 ;;      Locals:         0       0       0       0       0       0       0       0       0       0       0       0       
      +0       0       0       0       0       0       0       0       0       0       0       0       0       0       0
   741 ;;      Temps:          0       0       0       0       0       0       0       0       0       0       0       0       
      +0       0       0       0       0       0       0       0       0       0       0       0       0       0       0
   742 ;;      Totals:         0       0       0       0       0       0       0       0       0       0       0       0       
      +0       0       0       0       0       0       0       0       0       0       0       0       0       0       0
   743 ;;Total ram usage:        0 bytes
   744 ;; Hardware stack levels required when called: 3
   745 ;; This function calls:
   746 ;;		_EnableInterruptAtSystemWakeup
   747 ;;		_Init_MainClock
   748 ;;		_Init_PPS
   749 ;;		_Init_PortDirection
   750 ;;		_Init_Timer
   751 ;; This function is called by:
   752 ;;		Startup code after reset
   753 ;; This function uses a non-reentrant model
   754 ;;
   755                           
   756     0048                     _main:	
   757                           ;psect for function _main
   758                           
   759     0048                     l674:	
   760                           ;incstack = 0
   761                           ; Regs used in _main: [wreg+status,2+status,0+pclath+cstack]
   762                           
   763                           
   764                           ;main.c: 102:     Init_MainClock();
   765     0048  3180  2077  3180   	fcall	_Init_MainClock
   766                           
   767                           ;main.c: 103:     Init_PortDirection();
   768     004B  3180  2023  3180   	fcall	_Init_PortDirection
   769     004E                     l676:
   770                           
   771                           ;main.c: 104:     Init_PPS();
   772     004E  3180  2082  3180   	fcall	_Init_PPS
   773     0051                     l678:
   774                           
   775                           ;main.c: 105:     Init_Timer();
   776     0051  3180  206E  3180   	fcall	_Init_Timer
   777                           
   778                           ;main.c: 107:     EnableInterruptAtSystemWakeup();
   779     0054  3180  207F  3180   	fcall	_EnableInterruptAtSystemWakeup
   780     0057                     l680:
   781                           
   782                           ;main.c: 110:         if( g_MainLoop_F == 1 ){
   783     0057  0371               	decf	_g_MainLoop_F,w
   784     0058  1D03               	btfss	3,2
   785     0059  285B               	goto	u61
   786     005A  285C               	goto	u60
   787     005B                     u61:
   788     005B  2857               	goto	l680
   789     005C                     u60:
   790     005C                     l682:
   791                           
   792                           ;main.c: 111:             g_MainLoop_F = 0;
   793     005C  01F1               	clrf	_g_MainLoop_F
   794                           
   795                           ;main.c: 113:             if( g_LEDBlinkTimer >= 50 ){
   796     005D  2857               	goto	l680
   797     005E  3180  281A         	ljmp	start
   798     0060                     __end_of_main:
   799                           
   800                           	psect	text1
   801     006E                     __ptext1:	
   802 ;; *************** function _Init_Timer *****************
   803 ;; Defined at:
   804 ;;		line 56 in file "main.c"
   805 ;; Parameters:    Size  Location     Type
   806 ;;		None
   807 ;; Auto vars:     Size  Location     Type
   808 ;;		None
   809 ;; Return value:  Size  Location     Type
   810 ;;                  1    wreg      void 
   811 ;; Registers used:
   812 ;;		wreg, status,2
   813 ;; Tracked objects:
   814 ;;		On entry : 0/0
   815 ;;		On exit  : 0/0
   816 ;;		Unchanged: 0/0
   817 ;; Data sizes:     COMMON   BANK0   BANK1   BANK2   BANK3   BANK4   BANK5   BANK6   BANK7   BANK8   BANK9  BANK10  BANK1
      +1  BANK12  BANK13  BANK14  BANK15  BANK16  BANK17  BANK18  BANK19  BANK20  BANK21  BANK22  BANK23  BANK24  BANK25
   818 ;;      Params:         0       0       0       0       0       0       0       0       0       0       0       0       
      +0       0       0       0       0       0       0       0       0       0       0       0       0       0       0
   819 ;;      Locals:         0       0       0       0       0       0       0       0       0       0       0       0       
      +0       0       0       0       0       0       0       0       0       0       0       0       0       0       0
   820 ;;      Temps:          0       0       0       0       0       0       0       0       0       0       0       0       
      +0       0       0       0       0       0       0       0       0       0       0       0       0       0       0
   821 ;;      Totals:         0       0       0       0       0       0       0       0       0       0       0       0       
      +0       0       0       0       0       0       0       0       0       0       0       0       0       0       0
   822 ;;Total ram usage:        0 bytes
   823 ;; Hardware stack levels used: 1
   824 ;; Hardware stack levels required when called: 2
   825 ;; This function calls:
   826 ;;		Nothing
   827 ;; This function is called by:
   828 ;;		_main
   829 ;; This function uses a non-reentrant model
   830 ;;
   831                           
   832     006E                     _Init_Timer:	
   833                           ;psect for function _Init_Timer
   834                           
   835     006E                     l650:	
   836                           ;incstack = 0
   837                           ; Regs used in _Init_Timer: [wreg+status,2]
   838                           
   839                           
   840                           ;main.c: 59:     T2CLKCON = 0x01;
   841     006E  3001               	movlw	1
   842     006F  0029               	movlb	9	; select bank9
   843     0070  0097               	movwf	23	;volatile
   844                           
   845                           ;main.c: 60:     T2CON = 0x60;
   846     0071  3060               	movlw	96
   847     0072  0095               	movwf	21	;volatile
   848     0073                     l652:
   849                           
   850                           ;main.c: 61:     T2HLT = 0x00;
   851     0073  0196               	clrf	22	;volatile
   852     0074                     l654:
   853                           
   854                           ;main.c: 65:     TMR2IE = 1;
   855     0074  0021               	movlb	1	; select bank1
   856     0075  1491               	bsf	17,1	;volatile
   857     0076                     l75:
   858     0076  0008               	return
   859     0077                     __end_of_Init_Timer:
   860                           
   861                           	psect	text2
   862     0023                     __ptext2:	
   863 ;; *************** function _Init_PortDirection *****************
   864 ;; Defined at:
   865 ;;		line 19 in file "main.c"
   866 ;; Parameters:    Size  Location     Type
   867 ;;		None
   868 ;; Auto vars:     Size  Location     Type
   869 ;;		None
   870 ;; Return value:  Size  Location     Type
   871 ;;                  1    wreg      void 
   872 ;; Registers used:
   873 ;;		wreg, status,2
   874 ;; Tracked objects:
   875 ;;		On entry : 0/0
   876 ;;		On exit  : 0/0
   877 ;;		Unchanged: 0/0
   878 ;; Data sizes:     COMMON   BANK0   BANK1   BANK2   BANK3   BANK4   BANK5   BANK6   BANK7   BANK8   BANK9  BANK10  BANK1
      +1  BANK12  BANK13  BANK14  BANK15  BANK16  BANK17  BANK18  BANK19  BANK20  BANK21  BANK22  BANK23  BANK24  BANK25
   879 ;;      Params:         0       0       0       0       0       0       0       0       0       0       0       0       
      +0       0       0       0       0       0       0       0       0       0       0       0       0       0       0
   880 ;;      Locals:         0       0       0       0       0       0       0       0       0       0       0       0       
      +0       0       0       0       0       0       0       0       0       0       0       0       0       0       0
   881 ;;      Temps:          0       0       0       0       0       0       0       0       0       0       0       0       
      +0       0       0       0       0       0       0       0       0       0       0       0       0       0       0
   882 ;;      Totals:         0       0       0       0       0       0       0       0       0       0       0       0       
      +0       0       0       0       0       0       0       0       0       0       0       0       0       0       0
   883 ;;Total ram usage:        0 bytes
   884 ;; Hardware stack levels used: 1
   885 ;; Hardware stack levels required when called: 2
   886 ;; This function calls:
   887 ;;		Nothing
   888 ;; This function is called by:
   889 ;;		_main
   890 ;; This function uses a non-reentrant model
   891 ;;
   892                           
   893     0023                     _Init_PortDirection:	
   894                           ;psect for function _Init_PortDirection
   895                           
   896     0023                     l630:	
   897                           ;incstack = 0
   898                           ; Regs used in _Init_PortDirection: [wreg+status,2]
   899                           
   900                           
   901                           ;main.c: 22:     WPUA = 0xFF;
   902     0023  30FF               	movlw	255
   903     0024  0024               	movlb	4	; select bank4
   904     0025  008C               	movwf	12	;volatile
   905     0026                     l632:
   906                           
   907                           ;main.c: 23:     LATA = 0x00;
   908     0026  0022               	movlb	2	; select bank2
   909     0027  018C               	clrf	12	;volatile
   910     0028                     l634:
   911                           
   912                           ;main.c: 24:     ODCONA = 0x00;
   913     0028  0025               	movlb	5	; select bank5
   914     0029  018C               	clrf	12	;volatile
   915                           
   916                           ;main.c: 25:     TRISA = 0xFF;
   917     002A  30FF               	movlw	255
   918     002B  0021               	movlb	1	; select bank1
   919     002C  008C               	movwf	12	;volatile
   920     002D                     l636:
   921                           
   922                           ;main.c: 26:     ANSELA = 0x00;
   923     002D  0023               	movlb	3	; select bank3
   924     002E  018C               	clrf	12	;volatile
   925     002F                     l638:
   926                           
   927                           ;main.c: 31:     WPUB = 0xFF;
   928     002F  30FF               	movlw	255
   929     0030  0024               	movlb	4	; select bank4
   930     0031  008D               	movwf	13	;volatile
   931                           
   932                           ;main.c: 32:     LATB = 0x00;
   933     0032  0022               	movlb	2	; select bank2
   934     0033  018D               	clrf	13	;volatile
   935                           
   936                           ;main.c: 33:     ODCONB = 0x00;
   937     0034  0025               	movlb	5	; select bank5
   938     0035  018D               	clrf	13	;volatile
   939     0036                     l640:
   940                           
   941                           ;main.c: 34:     TRISB = 0xFF;
   942     0036  30FF               	movlw	255
   943     0037  0021               	movlb	1	; select bank1
   944     0038  008D               	movwf	13	;volatile
   945     0039                     l642:
   946                           
   947                           ;main.c: 35:     ANSELB = 0x00;
   948     0039  0023               	movlb	3	; select bank3
   949     003A  018D               	clrf	13	;volatile
   950                           
   951                           ;main.c: 41:     WPUC = 0xFE;
   952     003B  30FE               	movlw	254
   953     003C  0024               	movlb	4	; select bank4
   954     003D  008E               	movwf	14	;volatile
   955     003E                     l644:
   956                           
   957                           ;main.c: 42:     LATC = 0x00;
   958     003E  0022               	movlb	2	; select bank2
   959     003F  018E               	clrf	14	;volatile
   960     0040                     l646:
   961                           
   962                           ;main.c: 43:     ODCONC = 0x00;
   963     0040  0025               	movlb	5	; select bank5
   964     0041  018E               	clrf	14	;volatile
   965                           
   966                           ;main.c: 44:     TRISC = 0xFE;
   967     0042  30FE               	movlw	254
   968     0043  0021               	movlb	1	; select bank1
   969     0044  008E               	movwf	14	;volatile
   970     0045                     l648:
   971                           
   972                           ;main.c: 45:     ANSELC = 0x00;
   973     0045  0023               	movlb	3	; select bank3
   974     0046  018E               	clrf	14	;volatile
   975     0047                     l69:
   976     0047  0008               	return
   977     0048                     __end_of_Init_PortDirection:
   978                           
   979                           	psect	text3
   980     0082                     __ptext3:	
   981 ;; *************** function _Init_PPS *****************
   982 ;; Defined at:
   983 ;;		line 51 in file "main.c"
   984 ;; Parameters:    Size  Location     Type
   985 ;;		None
   986 ;; Auto vars:     Size  Location     Type
   987 ;;		None
   988 ;; Return value:  Size  Location     Type
   989 ;;                  1    wreg      void 
   990 ;; Registers used:
   991 ;;		None
   992 ;; Tracked objects:
   993 ;;		On entry : 0/0
   994 ;;		On exit  : 0/0
   995 ;;		Unchanged: 0/0
   996 ;; Data sizes:     COMMON   BANK0   BANK1   BANK2   BANK3   BANK4   BANK5   BANK6   BANK7   BANK8   BANK9  BANK10  BANK1
      +1  BANK12  BANK13  BANK14  BANK15  BANK16  BANK17  BANK18  BANK19  BANK20  BANK21  BANK22  BANK23  BANK24  BANK25
   997 ;;      Params:         0       0       0       0       0       0       0       0       0       0       0       0       
      +0       0       0       0       0       0       0       0       0       0       0       0       0       0       0
   998 ;;      Locals:         0       0       0       0       0       0       0       0       0       0       0       0       
      +0       0       0       0       0       0       0       0       0       0       0       0       0       0       0
   999 ;;      Temps:          0       0       0       0       0       0       0       0       0       0       0       0       
      +0       0       0       0       0       0       0       0       0       0       0       0       0       0       0
  1000 ;;      Totals:         0       0       0       0       0       0       0       0       0       0       0       0       
      +0       0       0       0       0       0       0       0       0       0       0       0       0       0       0
  1001 ;;Total ram usage:        0 bytes
  1002 ;; Hardware stack levels used: 1
  1003 ;; Hardware stack levels required when called: 2
  1004 ;; This function calls:
  1005 ;;		Nothing
  1006 ;; This function is called by:
  1007 ;;		_main
  1008 ;; This function uses a non-reentrant model
  1009 ;;
  1010                           
  1011     0082                     _Init_PPS:	
  1012                           ;psect for function _Init_PPS
  1013                           
  1014     0082                     l72:	
  1015                           ;incstack = 0
  1016                           ; Regs used in _Init_PPS: []
  1017                           
  1018     0082  0008               	return
  1019     0083                     __end_of_Init_PPS:
  1020                           
  1021                           	psect	text4
  1022     0077                     __ptext4:	
  1023 ;; *************** function _Init_MainClock *****************
  1024 ;; Defined at:
  1025 ;;		line 11 in file "main.c"
  1026 ;; Parameters:    Size  Location     Type
  1027 ;;		None
  1028 ;; Auto vars:     Size  Location     Type
  1029 ;;		None
  1030 ;; Return value:  Size  Location     Type
  1031 ;;                  1    wreg      void 
  1032 ;; Registers used:
  1033 ;;		wreg
  1034 ;; Tracked objects:
  1035 ;;		On entry : 0/0
  1036 ;;		On exit  : 0/0
  1037 ;;		Unchanged: 0/0
  1038 ;; Data sizes:     COMMON   BANK0   BANK1   BANK2   BANK3   BANK4   BANK5   BANK6   BANK7   BANK8   BANK9  BANK10  BANK1
      +1  BANK12  BANK13  BANK14  BANK15  BANK16  BANK17  BANK18  BANK19  BANK20  BANK21  BANK22  BANK23  BANK24  BANK25
  1039 ;;      Params:         0       0       0       0       0       0       0       0       0       0       0       0       
      +0       0       0       0       0       0       0       0       0       0       0       0       0       0       0
  1040 ;;      Locals:         0       0       0       0       0       0       0       0       0       0       0       0       
      +0       0       0       0       0       0       0       0       0       0       0       0       0       0       0
  1041 ;;      Temps:          0       0       0       0       0       0       0       0       0       0       0       0       
      +0       0       0       0       0       0       0       0       0       0       0       0       0       0       0
  1042 ;;      Totals:         0       0       0       0       0       0       0       0       0       0       0       0       
      +0       0       0       0       0       0       0       0       0       0       0       0       0       0       0
  1043 ;;Total ram usage:        0 bytes
  1044 ;; Hardware stack levels used: 1
  1045 ;; Hardware stack levels required when called: 2
  1046 ;; This function calls:
  1047 ;;		Nothing
  1048 ;; This function is called by:
  1049 ;;		_main
  1050 ;; This function uses a non-reentrant model
  1051 ;;
  1052                           
  1053     0077                     _Init_MainClock:	
  1054                           ;psect for function _Init_MainClock
  1055                           
  1056     0077                     l628:	
  1057                           ;incstack = 0
  1058                           ; Regs used in _Init_MainClock: [wreg]
  1059                           
  1060                           
  1061                           ;main.c: 14:     OSCCON = 0xF0;
  1062     0077  30F0               	movlw	240
  1063     0078  0021               	movlb	1	; select bank1
  1064     0079  009B               	movwf	27	;volatile
  1065     007A                     l63:	
  1066                           ;main.c: 16:     while( PLLR != 1 );
  1067                           
  1068     007A  1F1C               	btfss	28,6	;volatile
  1069     007B  287D               	goto	u11
  1070     007C  287E               	goto	u10
  1071     007D                     u11:
  1072     007D  287A               	goto	l63
  1073     007E                     u10:
  1074     007E                     l66:
  1075     007E  0008               	return
  1076     007F                     __end_of_Init_MainClock:
  1077                           
  1078                           	psect	text5
  1079     007F                     __ptext5:	
  1080 ;; *************** function _EnableInterruptAtSystemWakeup *****************
  1081 ;; Defined at:
  1082 ;;		line 73 in file "main.c"
  1083 ;; Parameters:    Size  Location     Type
  1084 ;;		None
  1085 ;; Auto vars:     Size  Location     Type
  1086 ;;		None
  1087 ;; Return value:  Size  Location     Type
  1088 ;;                  1    wreg      void 
  1089 ;; Registers used:
  1090 ;;		None
  1091 ;; Tracked objects:
  1092 ;;		On entry : 0/0
  1093 ;;		On exit  : 0/0
  1094 ;;		Unchanged: 0/0
  1095 ;; Data sizes:     COMMON   BANK0   BANK1   BANK2   BANK3   BANK4   BANK5   BANK6   BANK7   BANK8   BANK9  BANK10  BANK1
      +1  BANK12  BANK13  BANK14  BANK15  BANK16  BANK17  BANK18  BANK19  BANK20  BANK21  BANK22  BANK23  BANK24  BANK25
  1096 ;;      Params:         0       0       0       0       0       0       0       0       0       0       0       0       
      +0       0       0       0       0       0       0       0       0       0       0       0       0       0       0
  1097 ;;      Locals:         0       0       0       0       0       0       0       0       0       0       0       0       
      +0       0       0       0       0       0       0       0       0       0       0       0       0       0       0
  1098 ;;      Temps:          0       0       0       0       0       0       0       0       0       0       0       0       
      +0       0       0       0       0       0       0       0       0       0       0       0       0       0       0
  1099 ;;      Totals:         0       0       0       0       0       0       0       0       0       0       0       0       
      +0       0       0       0       0       0       0       0       0       0       0       0       0       0       0
  1100 ;;Total ram usage:        0 bytes
  1101 ;; Hardware stack levels used: 1
  1102 ;; Hardware stack levels required when called: 2
  1103 ;; This function calls:
  1104 ;;		Nothing
  1105 ;; This function is called by:
  1106 ;;		_main
  1107 ;; This function uses a non-reentrant model
  1108 ;;
  1109                           
  1110     007F                     _EnableInterruptAtSystemWakeup:	
  1111                           ;psect for function _EnableInterruptAtSystemWakeup
  1112                           
  1113     007F                     l656:	
  1114                           ;incstack = 0
  1115                           ; Regs used in _EnableInterruptAtSystemWakeup: []
  1116                           
  1117                           
  1118                           ;main.c: 75:     PEIE = 1;
  1119     007F  170B               	bsf	11,6	;volatile
  1120                           
  1121                           ;main.c: 76:     GIE = 1;
  1122     0080  178B               	bsf	11,7	;volatile
  1123     0081                     l81:
  1124     0081  0008               	return
  1125     0082                     __end_of_EnableInterruptAtSystemWakeup:
  1126                           
  1127                           	psect	intentry
  1128     0004                     __pintentry:	
  1129 ;; *************** function _INTERRUPT_MainHandler *****************
  1130 ;; Defined at:
  1131 ;;		line 79 in file "main.c"
  1132 ;; Parameters:    Size  Location     Type
  1133 ;;		None
  1134 ;; Auto vars:     Size  Location     Type
  1135 ;;		None
  1136 ;; Return value:  Size  Location     Type
  1137 ;;                  1    wreg      void 
  1138 ;; Registers used:
  1139 ;;		wreg, status,2, status,0, pclath, cstack
  1140 ;; Tracked objects:
  1141 ;;		On entry : 0/0
  1142 ;;		On exit  : 0/0
  1143 ;;		Unchanged: 0/0
  1144 ;; Data sizes:     COMMON   BANK0   BANK1   BANK2   BANK3   BANK4   BANK5   BANK6   BANK7   BANK8   BANK9  BANK10  BANK1
      +1  BANK12  BANK13  BANK14  BANK15  BANK16  BANK17  BANK18  BANK19  BANK20  BANK21  BANK22  BANK23  BANK24  BANK25
  1145 ;;      Params:         0       0       0       0       0       0       0       0       0       0       0       0       
      +0       0       0       0       0       0       0       0       0       0       0       0       0       0       0
  1146 ;;      Locals:         0       0       0       0       0       0       0       0       0       0       0       0       
      +0       0       0       0       0       0       0       0       0       0       0       0       0       0       0
  1147 ;;      Temps:          0       0       0       0       0       0       0       0       0       0       0       0       
      +0       0       0       0       0       0       0       0       0       0       0       0       0       0       0
  1148 ;;      Totals:         0       0       0       0       0       0       0       0       0       0       0       0       
      +0       0       0       0       0       0       0       0       0       0       0       0       0       0       0
  1149 ;;Total ram usage:        0 bytes
  1150 ;; Hardware stack levels used: 1
  1151 ;; Hardware stack levels required when called: 1
  1152 ;; This function calls:
  1153 ;;		_TMR3_ISR
  1154 ;; This function is called by:
  1155 ;;		Interrupt level 1
  1156 ;; This function uses a non-reentrant model
  1157 ;;
  1158                           
  1159     0004                     _INTERRUPT_MainHandler:
  1160                           
  1161                           ;incstack = 0
  1162     0004  147E               	bsf	int$flags,0	;set compiler interrupt flag (level 1)
  1163                           
  1164                           ; Regs used in _INTERRUPT_MainHandler: [wreg+status,2+status,0+pclath+cstack]
  1165     0005  3180               	pagesel	$
  1166     0006                     i1l666:
  1167                           
  1168                           ;main.c: 82:     if( INTCONbits.PEIE != 1){
  1169     0006  1B0B               	btfsc	11,6	;volatile
  1170     0007  2809               	goto	u3_21
  1171     0008  280A               	goto	u3_20
  1172     0009                     u3_21:
  1173     0009  280B               	goto	i1l86
  1174     000A                     u3_20:
  1175     000A  2818               	goto	i1l87
  1176     000B                     i1l86:	
  1177                           ;main.c: 84:     }
  1178                           
  1179                           
  1180                           ;main.c: 86:     if( PIE1bits.TMR2IE == 1 && PIR1bits.TMR2IF == 1){
  1181     000B  0021               	movlb	1	; select bank1
  1182     000C  1C91               	btfss	17,1	;volatile
  1183     000D  280F               	goto	u4_21
  1184     000E  2810               	goto	u4_20
  1185     000F                     u4_21:
  1186     000F  2818               	goto	i1l87
  1187     0010                     u4_20:
  1188     0010                     i1l670:
  1189     0010  0020               	movlb	0	; select bank0
  1190     0011  1C91               	btfss	17,1	;volatile
  1191     0012  2814               	goto	u5_21
  1192     0013  2815               	goto	u5_20
  1193     0014                     u5_21:
  1194     0014  2818               	goto	i1l87
  1195     0015                     u5_20:
  1196     0015                     i1l672:
  1197                           
  1198                           ;main.c: 87:         TMR3_ISR();
  1199     0015  3180  2060  3180   	fcall	_TMR3_ISR
  1200     0018                     i1l87:
  1201     0018  107E               	bcf	int$flags,0	;clear compiler interrupt flag (level 1)
  1202     0019  0009               	retfie
  1203     001A                     __end_of_INTERRUPT_MainHandler:
  1204                           
  1205                           	psect	text7
  1206     0060                     __ptext7:	
  1207 ;; *************** function _TMR3_ISR *****************
  1208 ;; Defined at:
  1209 ;;		line 91 in file "main.c"
  1210 ;; Parameters:    Size  Location     Type
  1211 ;;		None
  1212 ;; Auto vars:     Size  Location     Type
  1213 ;;		None
  1214 ;; Return value:  Size  Location     Type
  1215 ;;                  1    wreg      void 
  1216 ;; Registers used:
  1217 ;;		wreg, status,2, status,0
  1218 ;; Tracked objects:
  1219 ;;		On entry : 0/0
  1220 ;;		On exit  : 0/0
  1221 ;;		Unchanged: 0/0
  1222 ;; Data sizes:     COMMON   BANK0   BANK1   BANK2   BANK3   BANK4   BANK5   BANK6   BANK7   BANK8   BANK9  BANK10  BANK1
      +1  BANK12  BANK13  BANK14  BANK15  BANK16  BANK17  BANK18  BANK19  BANK20  BANK21  BANK22  BANK23  BANK24  BANK25
  1223 ;;      Params:         0       0       0       0       0       0       0       0       0       0       0       0       
      +0       0       0       0       0       0       0       0       0       0       0       0       0       0       0
  1224 ;;      Locals:         0       0       0       0       0       0       0       0       0       0       0       0       
      +0       0       0       0       0       0       0       0       0       0       0       0       0       0       0
  1225 ;;      Temps:          1       0       0       0       0       0       0       0       0       0       0       0       
      +0       0       0       0       0       0       0       0       0       0       0       0       0       0       0
  1226 ;;      Totals:         1       0       0       0       0       0       0       0       0       0       0       0       
      +0       0       0       0       0       0       0       0       0       0       0       0       0       0       0
  1227 ;;Total ram usage:        1 bytes
  1228 ;; Hardware stack levels used: 1
  1229 ;; This function calls:
  1230 ;;		Nothing
  1231 ;; This function is called by:
  1232 ;;		_INTERRUPT_MainHandler
  1233 ;; This function uses a non-reentrant model
  1234 ;;
  1235                           
  1236     0060                     _TMR3_ISR:	
  1237                           ;psect for function _TMR3_ISR
  1238                           
  1239     0060                     i1l658:	
  1240                           ;incstack = 0
  1241                           ; Regs used in _TMR3_ISR: [wreg+status,2+status,0]
  1242                           
  1243                           
  1244                           ;main.c: 93:     ++g_MainLoop1msTick;
  1245     0060  3001               	movlw	1
  1246     0061  00F3               	movwf	??_TMR3_ISR
  1247     0062  0873               	movf	??_TMR3_ISR,w
  1248     0063  07F2               	addwf	_g_MainLoop1msTick,f
  1249     0064                     i1l660:
  1250                           
  1251                           ;main.c: 94:     if( g_MainLoop1msTick >= 10 ){
  1252     0064  300A               	movlw	10
  1253     0065  0272               	subwf	_g_MainLoop1msTick,w
  1254     0066  1C03               	skipc
  1255     0067  2869               	goto	u2_21
  1256     0068  286A               	goto	u2_20
  1257     0069                     u2_21:
  1258     0069  286D               	goto	i1l92
  1259     006A                     u2_20:
  1260     006A                     i1l662:
  1261                           
  1262                           ;main.c: 95:         g_MainLoop_F = 1;
  1263     006A  01F1               	clrf	_g_MainLoop_F
  1264     006B  0AF1               	incf	_g_MainLoop_F,f
  1265     006C                     i1l664:
  1266                           
  1267                           ;main.c: 96:         g_MainLoop1msTick = 0;
  1268     006C  01F2               	clrf	_g_MainLoop1msTick
  1269     006D                     i1l92:
  1270     006D  0008               	return
  1271     006E                     __end_of_TMR3_ISR:
  1272     007E                     btemp	set	126	;btemp
  1273     007E                     int$flags	set	126
  1274     007E                     wtemp0	set	126

Data Sizes:
    Strings     0
    Constant    0
    Data        0
    BSS         3
    Persistent  32
    Stack       0

Auto Spaces:
    Space          Size  Autos    Used
    COMMON           14      1       4
    BANK0            80      0       0
    BANK1            80      0       0
    BANK2            80      0       0
    BANK3            80      0       0
    BANK4            80      0       0
    BANK5            80      0       0
    BANK6            80      0       0
    BANK7            80      0       0
    BANK8            80      0       0
    BANK9            80      0       0
    BANK10           80      0       0
    BANK11           80      0       0
    BANK12           48      0       0
    BANK13           80      0       0
    BANK14           80      0       0
    BANK15           80      0       0
    BANK16           80      0       0
    BANK17           80      0       0
    BANK18           80      0       0
    BANK19           80      0       0
    BANK20           80      0       0
    BANK21           80      0       0
    BANK22           80      0       0
    BANK23           80      0       0
    BANK24           80      0       0
    BANK25           32      0       0

Pointer List with Targets:

    None.

Critical Paths under _main in COMMON

    None.

Critical Paths under _INTERRUPT_MainHandler in COMMON

    _INTERRUPT_MainHandler->_TMR3_ISR

Critical Paths under _main in BANK0

    None.

Critical Paths under _INTERRUPT_MainHandler in BANK0

    None.

Critical Paths under _main in BANK1

    None.

Critical Paths under _INTERRUPT_MainHandler in BANK1

    None.

Critical Paths under _main in BANK2

    None.

Critical Paths under _INTERRUPT_MainHandler in BANK2

    None.

Critical Paths under _main in BANK3

    None.

Critical Paths under _INTERRUPT_MainHandler in BANK3

    None.

Critical Paths under _main in BANK4

    None.

Critical Paths under _INTERRUPT_MainHandler in BANK4

    None.

Critical Paths under _main in BANK5

    None.

Critical Paths under _INTERRUPT_MainHandler in BANK5

    None.

Critical Paths under _main in BANK6

    None.

Critical Paths under _INTERRUPT_MainHandler in BANK6

    None.

Critical Paths under _main in BANK7

    None.

Critical Paths under _INTERRUPT_MainHandler in BANK7

    None.

Critical Paths under _main in BANK8

    None.

Critical Paths under _INTERRUPT_MainHandler in BANK8

    None.

Critical Paths under _main in BANK9

    None.

Critical Paths under _INTERRUPT_MainHandler in BANK9

    None.

Critical Paths under _main in BANK10

    None.

Critical Paths under _INTERRUPT_MainHandler in BANK10

    None.

Critical Paths under _main in BANK11

    None.

Critical Paths under _INTERRUPT_MainHandler in BANK11

    None.

Critical Paths under _main in BANK12

    None.

Critical Paths under _INTERRUPT_MainHandler in BANK12

    None.

Critical Paths under _main in BANK13

    None.

Critical Paths under _INTERRUPT_MainHandler in BANK13

    None.

Critical Paths under _main in BANK14

    None.

Critical Paths under _INTERRUPT_MainHandler in BANK14

    None.

Critical Paths under _main in BANK15

    None.

Critical Paths under _INTERRUPT_MainHandler in BANK15

    None.

Critical Paths under _main in BANK16

    None.

Critical Paths under _INTERRUPT_MainHandler in BANK16

    None.

Critical Paths under _main in BANK17

    None.

Critical Paths under _INTERRUPT_MainHandler in BANK17

    None.

Critical Paths under _main in BANK18

    None.

Critical Paths under _INTERRUPT_MainHandler in BANK18

    None.

Critical Paths under _main in BANK19

    None.

Critical Paths under _INTERRUPT_MainHandler in BANK19

    None.

Critical Paths under _main in BANK20

    None.

Critical Paths under _INTERRUPT_MainHandler in BANK20

    None.

Critical Paths under _main in BANK21

    None.

Critical Paths under _INTERRUPT_MainHandler in BANK21

    None.

Critical Paths under _main in BANK22

    None.

Critical Paths under _INTERRUPT_MainHandler in BANK22

    None.

Critical Paths under _main in BANK23

    None.

Critical Paths under _INTERRUPT_MainHandler in BANK23

    None.

Critical Paths under _main in BANK24

    None.

Critical Paths under _INTERRUPT_MainHandler in BANK24

    None.

Critical Paths under _main in BANK25

    None.

Critical Paths under _INTERRUPT_MainHandler in BANK25

    None.

Call Graph Tables:

 ---------------------------------------------------------------------------------
 (Depth) Function   	        Calls       Base Space   Used Autos Params    Refs
 ---------------------------------------------------------------------------------
 (0) _main                                                 0     0      0       0
      _EnableInterruptAtSystemWakeup
                     _Init_MainClock
                           _Init_PPS
                 _Init_PortDirection
                         _Init_Timer
 ---------------------------------------------------------------------------------
 (1) _Init_Timer                                           0     0      0       0
 ---------------------------------------------------------------------------------
 (1) _Init_PortDirection                                   0     0      0       0
 ---------------------------------------------------------------------------------
 (1) _Init_PPS                                             0     0      0       0
 ---------------------------------------------------------------------------------
 (1) _Init_MainClock                                       0     0      0       0
 ---------------------------------------------------------------------------------
 (1) _EnableInterruptAtSystemWakeup                        0     0      0       0
 ---------------------------------------------------------------------------------
 Estimated maximum stack depth 1
 ---------------------------------------------------------------------------------
 (Depth) Function   	        Calls       Base Space   Used Autos Params    Refs
 ---------------------------------------------------------------------------------
 (2) _INTERRUPT_MainHandler                                0     0      0       0
                           _TMR3_ISR
 ---------------------------------------------------------------------------------
 (3) _TMR3_ISR                                             1     1      0       0
                                              0 COMMON     1     1      0
 ---------------------------------------------------------------------------------
 Estimated maximum stack depth 3
 ---------------------------------------------------------------------------------

 Call Graph Graphs:

 _main (ROOT)
   _EnableInterruptAtSystemWakeup
   _Init_MainClock
   _Init_PPS
   _Init_PortDirection
   _Init_Timer

 _INTERRUPT_MainHandler (ROOT)
   _TMR3_ISR

 Address spaces:
Name               Size   Autos  Total    Cost      Usage
BIGRAM_1           3E0      0       0       0        0.0%
NULL                 0      0       0       0        0.0%
CODE                 0      0       0       0        0.0%
BIGRAM             3F0      0       0       1        0.0%
BITSFR0              0      0       0       1        0.0%
SFR0                 0      0       0       1        0.0%
BITCOMMON            E      0       0       2        0.0%
BITSFR1              0      0       0       2        0.0%
SFR1                 0      0       0       2        0.0%
COMMON               E      1       4       3       28.6%
BITSFR2              0      0       0       3        0.0%
SFR2                 0      0       0       3        0.0%
BITSFR3              0      0       0       4        0.0%
SFR3                 0      0       0       4        0.0%
STACK                0      0       0       4        0.0%
BANK0               50      0       0       5        0.0%
BITSFR4              0      0       0       5        0.0%
SFR4                 0      0       0       5        0.0%
BITBANK0            50      0       0       6        0.0%
BITSFR5              0      0       0       6        0.0%
SFR5                 0      0       0       6        0.0%
BITBANK1            50      0       0       7        0.0%
BITSFR6              0      0       0       7        0.0%
SFR6                 0      0       0       7        0.0%
BANK1               50      0       0       8        0.0%
BITSFR7              0      0       0       8        0.0%
SFR7                 0      0       0       8        0.0%
BITBANK2            50      0       0       9        0.0%
BITSFR8              0      0       0       9        0.0%
SFR8                 0      0       0       9        0.0%
BANK2               50      0       0      10        0.0%
BITSFR9              0      0       0      10        0.0%
SFR9                 0      0       0      10        0.0%
BITBANK3            50      0       0      11        0.0%
BITSFR10             0      0       0      11        0.0%
SFR10                0      0       0      11        0.0%
BANK3               50      0       0      12        0.0%
BITSFR11             0      0       0      12        0.0%
SFR11                0      0       0      12        0.0%
BITSFR12             0      0       0      13        0.0%
SFR12                0      0       0      13        0.0%
ABS                  0      0       4      13        0.0%
BITBANK4            50      0       0      14        0.0%
BITSFR13             0      0       0      14        0.0%
SFR13                0      0       0      14        0.0%
BANK4               50      0       0      15        0.0%
BITSFR14             0      0       0      15        0.0%
SFR14                0      0       0      15        0.0%
BITBANK5            50      0       0      16        0.0%
BITSFR15             0      0       0      16        0.0%
SFR15                0      0       0      16        0.0%
BANK5               50      0       0      17        0.0%
BITSFR16             0      0       0      17        0.0%
SFR16                0      0       0      17        0.0%
BITBANK6            50      0       0      18        0.0%
BITSFR17             0      0       0      18        0.0%
SFR17                0      0       0      18        0.0%
BANK6               50      0       0      19        0.0%
BITSFR18             0      0       0      19        0.0%
SFR18                0      0       0      19        0.0%
BITBANK7            50      0       0      20        0.0%
BITSFR19             0      0       0      20        0.0%
SFR19                0      0       0      20        0.0%
BANK7               50      0       0      21        0.0%
BITSFR20             0      0       0      21        0.0%
SFR20                0      0       0      21        0.0%
BITBANK8            50      0       0      22        0.0%
BITSFR21             0      0       0      22        0.0%
SFR21                0      0       0      22        0.0%
BANK8               50      0       0      23        0.0%
BITSFR22             0      0       0      23        0.0%
SFR22                0      0       0      23        0.0%
BITBANK9            50      0       0      24        0.0%
BITSFR23             0      0       0      24        0.0%
SFR23                0      0       0      24        0.0%
BANK9               50      0       0      25        0.0%
BITSFR24             0      0       0      25        0.0%
SFR24                0      0       0      25        0.0%
BITBANK10           50      0       0      26        0.0%
BITSFR25             0      0       0      26        0.0%
SFR25                0      0       0      26        0.0%
BANK10              50      0       0      27        0.0%
BITSFR26             0      0       0      27        0.0%
SFR26                0      0       0      27        0.0%
BITBANK11           50      0       0      28        0.0%
BITSFR27             0      0       0      28        0.0%
SFR27                0      0       0      28        0.0%
BANK11              50      0       0      29        0.0%
BITSFR28             0      0       0      29        0.0%
SFR28                0      0       0      29        0.0%
BITSFR29             0      0       0      30        0.0%
SFR29                0      0       0      30        0.0%
DATA                 0      0       4      30        0.0%
BITBANK12           30      0       0      31        0.0%
BITSFR30             0      0       0      31        0.0%
SFR30                0      0       0      31        0.0%
BANK12              30      0       0      32        0.0%
BITSFR31             0      0       0      32        0.0%
SFR31                0      0       0      32        0.0%
BITBANK13           50      0       0      33        0.0%
BANK13              50      0       0      34        0.0%
BITBANK14           50      0       0      35        0.0%
BANK14              50      0       0      36        0.0%
BITBANK15           50      0       0      37        0.0%
BANK15              50      0       0      38        0.0%
BITBANK16           50      0       0      39        0.0%
BANK16              50      0       0      40        0.0%
BITBANK17           50      0       0      41        0.0%
BANK17              50      0       0      42        0.0%
BITBANK18           50      0       0      43        0.0%
BANK18              50      0       0      44        0.0%
BITBANK19           50      0       0      45        0.0%
BANK19              50      0       0      46        0.0%
BITBANK20           50      0       0      47        0.0%
BANK20              50      0       0      48        0.0%
BITBANK21           50      0       0      49        0.0%
BANK21              50      0       0      50        0.0%
BITBANK22           50      0       0      51        0.0%
BANK22              50      0       0      52        0.0%
BITBANK23           50      0       0      53        0.0%
BANK23              50      0       0      54        0.0%
BITBANK24           50      0       0      55        0.0%
BANK24              50      0       0      56        0.0%
BITBANK25           20      0       0      57        0.0%
BANK25              20      0       0      58        0.0%


Microchip Technology PIC Macro Assembler V2.41 build 20230208172133 
Symbol Table                                                                                   Thu Jun 22 11:16:55 2023

                   _Init_PortDirection 0023                                     l63 007A  
                                   l72 0082                                     l81 0081  
                                   l66 007E                                     l75 0076  
                                   l69 0047                                     u10 007E  
                                   u11 007D                                     u60 005C  
                                   u61 005B                    ?_Init_PortDirection 0073  
                                  l630 0023                                    l640 0036  
                                  l632 0026                                    l642 0039  
                                  l634 0028                                    l650 006E  
                                  l628 0077                                    l644 003E  
                                  l636 002D                                    l652 0073  
                                  l646 0040                                    l638 002F  
                                  l654 0074                                    l656 007F  
                                  l648 0045                                    l680 0057  
                                  l682 005C                                    l674 0048  
                                  l676 004E                                    l678 0051  
                                  _GIE 005F                           _g_MainLoop_F 0071  
                                 _LATA 010C                                   _LATB 010D  
                                 _LATC 010E                                   _PEIE 005E  
                                 i1l92 006D                                   i1l86 000B  
                                 i1l87 0018                                   _PLLR 04E6  
                                 _WPUA 020C                                   _WPUB 020D  
                                 _WPUC 020E                                   u2_20 006A  
                                 u2_21 0069                                   u3_20 000A  
                                 u3_21 0009                                   u4_20 0010  
                                 u4_21 000F                                   u5_20 0015  
                                 u5_21 0014                                   _main 0048  
                 ??_Init_PortDirection 0074                                   btemp 007E  
                                 start 001A                                  ?_main 0073  
                                _T2CON 0495                                  _T2HLT 0496  
                                i1l660 0064                                  i1l662 006A  
                                i1l670 0010                                  i1l664 006C  
                                i1l672 0015                                  i1l658 0060  
                                i1l666 0006                                  _TRISA 008C  
                                _TRISB 008D                                  _TRISC 008E  
                     __end_of_TMR3_ISR 006E                                  status 0003  
                                wtemp0 007E                         _Init_MainClock 0077  
                      __initialization 001C                             _Init_Timer 006E  
                         __end_of_main 0060                       __end_of_Init_PPS 0083  
                               ??_main 0074                                 _ANSELA 018C  
                               _ANSELB 018D                                 _ANSELC 018E  
                               _ODCONA 028C                                 _ODCONB 028D  
                               _ODCONC 028E                                 _OSCCON 009B  
                               _TMR2IE 0489                 __end_of_Init_MainClock 007F  
              __end_of__initialization 001F                        ?_Init_MainClock 0073  
                       __pcstackCOMMON 0073                            ?_Init_Timer 0073  
                            ?_TMR3_ISR 0073                        _g_LEDBlinkTimer 0070  
                            ?_Init_PPS 0073                  _INTERRUPT_MainHandler 0004  
                           __pmaintext 0048                             ??_TMR3_ISR 0073  
                           __pintentry 0004                             ??_Init_PPS 0074  
                              __ptext1 006E                                __ptext2 0023  
                              __ptext3 0082                                __ptext4 0077  
                              __ptext5 007F                                __ptext7 0060  
                 end_of_initialization 001F                 ?_INTERRUPT_MainHandler 0073  
                     ??_Init_MainClock 0074                           ??_Init_Timer 0074  
      ??_EnableInterruptAtSystemWakeup 0074                    start_initialization 001C  
                   __end_of_Init_Timer 0077                            __pbssCOMMON 0070  
                            ___latbits 0003  __end_of_EnableInterruptAtSystemWakeup 0082  
        _EnableInterruptAtSystemWakeup 007F                               _T2CLKCON 0497  
           __end_of_Init_PortDirection 0048                ??_INTERRUPT_MainHandler 0074  
                             _PIE1bits 0091                               _PIR1bits 0011  
                             _TMR3_ISR 0060                               _Init_PPS 0082  
                    _g_MainLoop1msTick 0072         ?_EnableInterruptAtSystemWakeup 0073  
                             int$flags 007E                             _INTCONbits 000B  
                             intlevel1 0000          __end_of_INTERRUPT_MainHandler 001A  
