

Microchip MPLAB XC8 Assembler V2.41 build 20230208172133 
                                                                                               Wed Jun 21 22:47:01 2023

Microchip MPLAB XC8 C Compiler v2.41 (Free license) build 20230208172133 Og1 
     1                           	processor	16F1778
     2                           	pagewidth 120
     3                           	opt	flic
     4                           	psect	cinit,global,class=CODE,merge=1,delta=2
     5                           	psect	cstackCOMMON,global,class=COMMON,space=1,delta=1,noexec
     6                           	psect	maintext,global,class=CODE,merge=1,split=1,delta=2
     7                           	psect	text1,local,class=CODE,merge=1,delta=2
     8                           	psect	text2,local,class=CODE,merge=1,delta=2
     9                           	dabs	1,0x7E,2
    10     0000                     
    11                           ; Generated 28/03/2023 GMT
    12                           ; 
    13                           ; Copyright © 2023, Microchip Technology Inc. and its subsidiaries ("Microchip")
    14                           ; All rights reserved.
    15                           ; 
    16                           ; This software is developed by Microchip Technology Inc. and its subsidiaries ("Microch
      +                          ip").
    17                           ; 
    18                           ; Redistribution and use in source and binary forms, with or without modification, are
    19                           ; permitted provided that the following conditions are met:
    20                           ; 
    21                           ;     1. Redistributions of source code must retain the above copyright notice, this lis
      +                          t of
    22                           ;        conditions and the following disclaimer.
    23                           ; 
    24                           ;     2. Redistributions in binary form must reproduce the above copyright notice, this 
      +                          list
    25                           ;        of conditions and the following disclaimer in the documentation and/or other
    26                           ;        materials provided with the distribution. Publication is not required when
    27                           ;        this file is used in an embedded application.
    28                           ; 
    29                           ;     3. Microchip's name may not be used to endorse or promote products derived from th
      +                          is
    30                           ;        software without specific prior written permission.
    31                           ; 
    32                           ; THIS SOFTWARE IS PROVIDED BY MICROCHIP "AS IS" AND ANY EXPRESS OR IMPLIED WARRANTIES,
    33                           ; INCLUDING, BUT NOT LIMITED TO, THE IMPLIED WARRANTIES OF MERCHANTABILITY AND FITNESS F
      +                          OR
    34                           ; PURPOSE ARE DISCLAIMED.  IN NO EVENT SHALL MICROCHIP BE LIABLE FOR ANY DIRECT, INDIREC
      +                          T,
    35                           ; INCIDENTAL, SPECIAL, EXEMPLARY, OR CONSEQUENTIAL DAMAGES (INCLUDING BUT NOT LIMITED TO
    36                           ; PROCUREMENT OF SUBSTITUTE GOODS OR SERVICES; LOSS OF USE, DATA OR PROFITS; OR BUSINESS
    37                           ; INTERRUPTION) HOWSOEVER CAUSED AND ON ANY THEORY OF LIABILITY, WHETHER IN CONTRACT, ST
      +                          RICT
    38                           ; LIABILITY, OR TORT (INCLUDING NEGLIGENCE OR OTHERWISE) ARISING IN ANY WAY OUT OF THE U
      +                          SE OF
    39                           ; THIS SOFTWARE, EVEN IF ADVISED OF THE POSSIBILITY OF SUCH DAMAGE.
    40                           ; 
    41                           ; 
    42                           ; Code-generator required, PIC16F1778 Definitions
    43                           ; 
    44                           ; SFR Addresses
    45     0000                     	;# 
    46     0001                     	;# 
    47     0002                     	;# 
    48     0003                     	;# 
    49     0004                     	;# 
    50     0005                     	;# 
    51     0006                     	;# 
    52     0007                     	;# 
    53     0008                     	;# 
    54     0009                     	;# 
    55     000A                     	;# 
    56     000B                     	;# 
    57     000C                     	;# 
    58     000D                     	;# 
    59     000E                     	;# 
    60     0010                     	;# 
    61     0011                     	;# 
    62     0012                     	;# 
    63     0013                     	;# 
    64     0014                     	;# 
    65     0015                     	;# 
    66     0016                     	;# 
    67     0017                     	;# 
    68     0018                     	;# 
    69     0018                     	;# 
    70     0019                     	;# 
    71     001A                     	;# 
    72     001B                     	;# 
    73     001C                     	;# 
    74     001C                     	;# 
    75     001D                     	;# 
    76     001E                     	;# 
    77     001F                     	;# 
    78     008C                     	;# 
    79     008D                     	;# 
    80     008E                     	;# 
    81     0090                     	;# 
    82     0091                     	;# 
    83     0092                     	;# 
    84     0093                     	;# 
    85     0094                     	;# 
    86     0095                     	;# 
    87     0096                     	;# 
    88     0097                     	;# 
    89     0098                     	;# 
    90     0099                     	;# 
    91     009A                     	;# 
    92     009B                     	;# 
    93     009C                     	;# 
    94     009D                     	;# 
    95     009E                     	;# 
    96     009F                     	;# 
    97     010C                     	;# 
    98     010D                     	;# 
    99     010E                     	;# 
   100     0111                     	;# 
   101     0112                     	;# 
   102     0113                     	;# 
   103     0114                     	;# 
   104     0115                     	;# 
   105     0116                     	;# 
   106     0117                     	;# 
   107     0118                     	;# 
   108     0119                     	;# 
   109     011A                     	;# 
   110     011B                     	;# 
   111     011C                     	;# 
   112     011D                     	;# 
   113     018C                     	;# 
   114     018D                     	;# 
   115     018E                     	;# 
   116     0191                     	;# 
   117     0191                     	;# 
   118     0192                     	;# 
   119     0193                     	;# 
   120     0193                     	;# 
   121     0194                     	;# 
   122     0195                     	;# 
   123     0196                     	;# 
   124     0197                     	;# 
   125     0199                     	;# 
   126     0199                     	;# 
   127     0199                     	;# 
   128     019A                     	;# 
   129     019A                     	;# 
   130     019A                     	;# 
   131     019B                     	;# 
   132     019B                     	;# 
   133     019B                     	;# 
   134     019B                     	;# 
   135     019B                     	;# 
   136     019C                     	;# 
   137     019C                     	;# 
   138     019C                     	;# 
   139     019D                     	;# 
   140     019D                     	;# 
   141     019D                     	;# 
   142     019E                     	;# 
   143     019E                     	;# 
   144     019E                     	;# 
   145     019F                     	;# 
   146     019F                     	;# 
   147     019F                     	;# 
   148     019F                     	;# 
   149     019F                     	;# 
   150     020C                     	;# 
   151     020D                     	;# 
   152     020E                     	;# 
   153     0210                     	;# 
   154     0211                     	;# 
   155     0211                     	;# 
   156     0212                     	;# 
   157     0212                     	;# 
   158     0213                     	;# 
   159     0213                     	;# 
   160     0214                     	;# 
   161     0214                     	;# 
   162     0215                     	;# 
   163     0215                     	;# 
   164     0215                     	;# 
   165     0215                     	;# 
   166     0216                     	;# 
   167     0216                     	;# 
   168     0217                     	;# 
   169     0217                     	;# 
   170     021B                     	;# 
   171     021C                     	;# 
   172     021D                     	;# 
   173     021E                     	;# 
   174     021F                     	;# 
   175     028C                     	;# 
   176     028D                     	;# 
   177     028E                     	;# 
   178     0291                     	;# 
   179     0291                     	;# 
   180     0292                     	;# 
   181     0293                     	;# 
   182     0294                     	;# 
   183     0295                     	;# 
   184     0295                     	;# 
   185     0296                     	;# 
   186     0297                     	;# 
   187     0298                     	;# 
   188     0299                     	;# 
   189     0299                     	;# 
   190     029A                     	;# 
   191     029B                     	;# 
   192     029C                     	;# 
   193     029E                     	;# 
   194     029F                     	;# 
   195     030C                     	;# 
   196     030D                     	;# 
   197     030E                     	;# 
   198     0315                     	;# 
   199     0316                     	;# 
   200     0317                     	;# 
   201     0318                     	;# 
   202     0319                     	;# 
   203     031B                     	;# 
   204     031C                     	;# 
   205     031D                     	;# 
   206     031E                     	;# 
   207     031F                     	;# 
   208     038C                     	;# 
   209     038D                     	;# 
   210     038E                     	;# 
   211     0390                     	;# 
   212     0391                     	;# 
   213     0392                     	;# 
   214     0393                     	;# 
   215     0394                     	;# 
   216     0395                     	;# 
   217     0396                     	;# 
   218     0397                     	;# 
   219     0398                     	;# 
   220     0399                     	;# 
   221     039D                     	;# 
   222     039E                     	;# 
   223     039F                     	;# 
   224     040D                     	;# 
   225     040F                     	;# 
   226     040F                     	;# 
   227     0410                     	;# 
   228     0411                     	;# 
   229     0412                     	;# 
   230     0413                     	;# 
   231     0413                     	;# 
   232     0414                     	;# 
   233     0414                     	;# 
   234     0415                     	;# 
   235     0416                     	;# 
   236     0417                     	;# 
   237     0418                     	;# 
   238     041A                     	;# 
   239     041A                     	;# 
   240     041B                     	;# 
   241     041B                     	;# 
   242     041C                     	;# 
   243     041D                     	;# 
   244     041E                     	;# 
   245     041F                     	;# 
   246     048E                     	;# 
   247     048E                     	;# 
   248     048F                     	;# 
   249     0490                     	;# 
   250     0491                     	;# 
   251     0492                     	;# 
   252     0493                     	;# 
   253     0493                     	;# 
   254     0494                     	;# 
   255     0494                     	;# 
   256     0495                     	;# 
   257     0496                     	;# 
   258     0497                     	;# 
   259     0498                     	;# 
   260     049A                     	;# 
   261     049A                     	;# 
   262     049B                     	;# 
   263     049B                     	;# 
   264     049C                     	;# 
   265     049D                     	;# 
   266     049E                     	;# 
   267     049F                     	;# 
   268     050F                     	;# 
   269     0510                     	;# 
   270     0511                     	;# 
   271     0512                     	;# 
   272     0513                     	;# 
   273     0514                     	;# 
   274     0515                     	;# 
   275     0516                     	;# 
   276     0517                     	;# 
   277     0518                     	;# 
   278     0519                     	;# 
   279     051A                     	;# 
   280     058D                     	;# 
   281     058E                     	;# 
   282     058F                     	;# 
   283     058F                     	;# 
   284     058F                     	;# 
   285     0590                     	;# 
   286     0590                     	;# 
   287     0591                     	;# 
   288     0592                     	;# 
   289     0592                     	;# 
   290     0592                     	;# 
   291     0593                     	;# 
   292     0593                     	;# 
   293     0594                     	;# 
   294     0595                     	;# 
   295     0595                     	;# 
   296     0596                     	;# 
   297     0597                     	;# 
   298     0597                     	;# 
   299     0598                     	;# 
   300     0599                     	;# 
   301     0599                     	;# 
   302     0599                     	;# 
   303     059A                     	;# 
   304     059A                     	;# 
   305     059E                     	;# 
   306     059F                     	;# 
   307     059F                     	;# 
   308     0614                     	;# 
   309     0614                     	;# 
   310     0615                     	;# 
   311     0616                     	;# 
   312     0617                     	;# 
   313     0617                     	;# 
   314     0618                     	;# 
   315     0619                     	;# 
   316     061A                     	;# 
   317     061A                     	;# 
   318     061B                     	;# 
   319     061C                     	;# 
   320     068D                     	;# 
   321     068E                     	;# 
   322     068F                     	;# 
   323     0690                     	;# 
   324     0691                     	;# 
   325     0692                     	;# 
   326     0693                     	;# 
   327     0694                     	;# 
   328     0695                     	;# 
   329     0696                     	;# 
   330     0697                     	;# 
   331     0698                     	;# 
   332     0699                     	;# 
   333     069A                     	;# 
   334     069B                     	;# 
   335     069C                     	;# 
   336     069D                     	;# 
   337     069E                     	;# 
   338     069F                     	;# 
   339     070D                     	;# 
   340     070E                     	;# 
   341     070F                     	;# 
   342     0710                     	;# 
   343     0711                     	;# 
   344     0712                     	;# 
   345     0713                     	;# 
   346     0714                     	;# 
   347     0715                     	;# 
   348     0716                     	;# 
   349     0717                     	;# 
   350     0718                     	;# 
   351     0719                     	;# 
   352     071A                     	;# 
   353     071B                     	;# 
   354     071C                     	;# 
   355     071D                     	;# 
   356     071E                     	;# 
   357     071F                     	;# 
   358     078E                     	;# 
   359     078F                     	;# 
   360     0790                     	;# 
   361     0791                     	;# 
   362     0792                     	;# 
   363     0793                     	;# 
   364     0794                     	;# 
   365     0795                     	;# 
   366     0796                     	;# 
   367     0797                     	;# 
   368     0798                     	;# 
   369     0799                     	;# 
   370     079A                     	;# 
   371     079B                     	;# 
   372     079C                     	;# 
   373     079D                     	;# 
   374     079E                     	;# 
   375     079F                     	;# 
   376     080D                     	;# 
   377     080E                     	;# 
   378     080F                     	;# 
   379     0810                     	;# 
   380     0811                     	;# 
   381     0812                     	;# 
   382     0813                     	;# 
   383     0814                     	;# 
   384     0815                     	;# 
   385     0816                     	;# 
   386     0817                     	;# 
   387     0818                     	;# 
   388     0819                     	;# 
   389     081A                     	;# 
   390     081B                     	;# 
   391     081C                     	;# 
   392     081D                     	;# 
   393     081E                     	;# 
   394     081F                     	;# 
   395     090C                     	;# 
   396     090D                     	;# 
   397     090E                     	;# 
   398     090F                     	;# 
   399     0910                     	;# 
   400     0911                     	;# 
   401     0912                     	;# 
   402     0913                     	;# 
   403     0914                     	;# 
   404     0915                     	;# 
   405     0916                     	;# 
   406     0917                     	;# 
   407     0D8E                     	;# 
   408     0D8F                     	;# 
   409     0D90                     	;# 
   410     0D91                     	;# 
   411     0D91                     	;# 
   412     0D92                     	;# 
   413     0D93                     	;# 
   414     0D93                     	;# 
   415     0D94                     	;# 
   416     0D95                     	;# 
   417     0D95                     	;# 
   418     0D96                     	;# 
   419     0D97                     	;# 
   420     0D97                     	;# 
   421     0D98                     	;# 
   422     0D99                     	;# 
   423     0D99                     	;# 
   424     0D9A                     	;# 
   425     0D9B                     	;# 
   426     0D9C                     	;# 
   427     0D9C                     	;# 
   428     0D9D                     	;# 
   429     0D9D                     	;# 
   430     0D9E                     	;# 
   431     0D9F                     	;# 
   432     0DA0                     	;# 
   433     0DA1                     	;# 
   434     0DA1                     	;# 
   435     0DA2                     	;# 
   436     0DA3                     	;# 
   437     0DA3                     	;# 
   438     0DA4                     	;# 
   439     0DA5                     	;# 
   440     0DA5                     	;# 
   441     0DA6                     	;# 
   442     0DA7                     	;# 
   443     0DA7                     	;# 
   444     0DA8                     	;# 
   445     0DA9                     	;# 
   446     0DA9                     	;# 
   447     0DAA                     	;# 
   448     0DAB                     	;# 
   449     0DAC                     	;# 
   450     0DAC                     	;# 
   451     0DAD                     	;# 
   452     0DAD                     	;# 
   453     0DAE                     	;# 
   454     0DAF                     	;# 
   455     0DB0                     	;# 
   456     0DB1                     	;# 
   457     0DB1                     	;# 
   458     0DB2                     	;# 
   459     0DB3                     	;# 
   460     0DB3                     	;# 
   461     0DB4                     	;# 
   462     0DB5                     	;# 
   463     0DB5                     	;# 
   464     0DB6                     	;# 
   465     0DB7                     	;# 
   466     0DB7                     	;# 
   467     0DB8                     	;# 
   468     0DB9                     	;# 
   469     0DB9                     	;# 
   470     0DBA                     	;# 
   471     0DBB                     	;# 
   472     0DBC                     	;# 
   473     0DBC                     	;# 
   474     0DBD                     	;# 
   475     0DBD                     	;# 
   476     0DBE                     	;# 
   477     0DBF                     	;# 
   478     0DC0                     	;# 
   479     0E0C                     	;# 
   480     0E0D                     	;# 
   481     0E0E                     	;# 
   482     0E0F                     	;# 
   483     0E10                     	;# 
   484     0E11                     	;# 
   485     0E12                     	;# 
   486     0E13                     	;# 
   487     0E14                     	;# 
   488     0E15                     	;# 
   489     0E15                     	;# 
   490     0E15                     	;# 
   491     0E16                     	;# 
   492     0E16                     	;# 
   493     0E16                     	;# 
   494     0E17                     	;# 
   495     0E17                     	;# 
   496     0E17                     	;# 
   497     0E18                     	;# 
   498     0E18                     	;# 
   499     0E18                     	;# 
   500     0E19                     	;# 
   501     0E1A                     	;# 
   502     0E1B                     	;# 
   503     0E1D                     	;# 
   504     0E1E                     	;# 
   505     0E1F                     	;# 
   506     0E21                     	;# 
   507     0E22                     	;# 
   508     0E23                     	;# 
   509     0E24                     	;# 
   510     0E25                     	;# 
   511     0E26                     	;# 
   512     0E27                     	;# 
   513     0E28                     	;# 
   514     0E29                     	;# 
   515     0E2D                     	;# 
   516     0E2E                     	;# 
   517     0E2F                     	;# 
   518     0E30                     	;# 
   519     0E31                     	;# 
   520     0E32                     	;# 
   521     0E35                     	;# 
   522     0E36                     	;# 
   523     0E37                     	;# 
   524     0E38                     	;# 
   525     0E39                     	;# 
   526     0E3A                     	;# 
   527     0E3B                     	;# 
   528     0E3C                     	;# 
   529     0E3D                     	;# 
   530     0E3E                     	;# 
   531     0E90                     	;# 
   532     0E91                     	;# 
   533     0E92                     	;# 
   534     0E93                     	;# 
   535     0E94                     	;# 
   536     0E95                     	;# 
   537     0E96                     	;# 
   538     0E97                     	;# 
   539     0E98                     	;# 
   540     0E99                     	;# 
   541     0E9A                     	;# 
   542     0E9B                     	;# 
   543     0E9C                     	;# 
   544     0E9D                     	;# 
   545     0E9E                     	;# 
   546     0E9F                     	;# 
   547     0EA0                     	;# 
   548     0EA1                     	;# 
   549     0EA2                     	;# 
   550     0EA3                     	;# 
   551     0EA4                     	;# 
   552     0EA5                     	;# 
   553     0EA6                     	;# 
   554     0EA7                     	;# 
   555     0F0F                     	;# 
   556     0F10                     	;# 
   557     0F11                     	;# 
   558     0F12                     	;# 
   559     0F13                     	;# 
   560     0F14                     	;# 
   561     0F15                     	;# 
   562     0F16                     	;# 
   563     0F17                     	;# 
   564     0F18                     	;# 
   565     0F19                     	;# 
   566     0F1A                     	;# 
   567     0F1B                     	;# 
   568     0F1C                     	;# 
   569     0F1D                     	;# 
   570     0F1E                     	;# 
   571     0F1F                     	;# 
   572     0F20                     	;# 
   573     0F21                     	;# 
   574     0F22                     	;# 
   575     0F23                     	;# 
   576     0F24                     	;# 
   577     0F25                     	;# 
   578     0F26                     	;# 
   579     0F27                     	;# 
   580     0F28                     	;# 
   581     0F29                     	;# 
   582     0F2A                     	;# 
   583     0F2B                     	;# 
   584     0F2C                     	;# 
   585     0F2D                     	;# 
   586     0F2E                     	;# 
   587     0F2F                     	;# 
   588     0F30                     	;# 
   589     0F31                     	;# 
   590     0F32                     	;# 
   591     0F33                     	;# 
   592     0F34                     	;# 
   593     0F35                     	;# 
   594     0F36                     	;# 
   595     0F37                     	;# 
   596     0FE4                     	;# 
   597     0FE5                     	;# 
   598     0FE6                     	;# 
   599     0FE7                     	;# 
   600     0FE8                     	;# 
   601     0FE9                     	;# 
   602     0FEA                     	;# 
   603     0FEB                     	;# 
   604     0FED                     	;# 
   605     0FEE                     	;# 
   606     0FEF                     	;# 
   607     008E                     _TRISC	set	142
   608     008D                     _TRISB	set	141
   609     008C                     _TRISA	set	140
   610     009B                     _OSCCON	set	155
   611     04E6                     _PLLR	set	1254
   612     010E                     _LATC	set	270
   613     010D                     _LATB	set	269
   614     010C                     _LATA	set	268
   615     018E                     _ANSELC	set	398
   616     018D                     _ANSELB	set	397
   617     018C                     _ANSELA	set	396
   618     020E                     _WPUC	set	526
   619     020D                     _WPUB	set	525
   620     020C                     _WPUA	set	524
   621     028E                     _ODCONC	set	654
   622     028D                     _ODCONB	set	653
   623     028C                     _ODCONA	set	652
   624                           
   625                           	psect	cinit
   626     07FD                     start_initialization:	
   627                           ; #config settings
   628                           
   629     07FD                     __initialization:
   630     07FD                     end_of_initialization:	
   631                           ;End of C runtime variable initialization code
   632                           
   633     07FD                     __end_of__initialization:
   634     07FD  0020               	movlb	0
   635     07FE  3187  2FCF         	ljmp	_main	;jump to C main() function
   636                           
   637                           	psect	cstackCOMMON
   638     0000                     __pcstackCOMMON:
   639     0000                     ?_Init_SystemClock:
   640     0000                     ??_Init_SystemClock:	
   641                           ; 1 bytes @ 0x0
   642                           
   643     0000                     ?_Init_PortDirection:	
   644                           ; 1 bytes @ 0x0
   645                           
   646     0000                     ??_Init_PortDirection:	
   647                           ; 1 bytes @ 0x0
   648                           
   649     0000                     ?_main:	
   650                           ; 1 bytes @ 0x0
   651                           
   652     0000                     ??_main:	
   653                           ; 1 bytes @ 0x0
   654                           
   655                           
   656                           	psect	maintext
   657     07CF                     __pmaintext:	
   658                           ; 1 bytes @ 0x0
   659 ;;
   660 ;;Main: autosize = 0, tempsize = 0, incstack = 0, save=0
   661 ;;
   662 ;; *************** function _main *****************
   663 ;; Defined at:
   664 ;;		line 66 in file "main.c"
   665 ;; Parameters:    Size  Location     Type
   666 ;;		None
   667 ;; Auto vars:     Size  Location     Type
   668 ;;		None
   669 ;; Return value:  Size  Location     Type
   670 ;;                  1    wreg      void 
   671 ;; Registers used:
   672 ;;		wreg, status,2, status,0, pclath, cstack
   673 ;; Tracked objects:
   674 ;;		On entry : B1F/0
   675 ;;		On exit  : 0/0
   676 ;;		Unchanged: 0/0
   677 ;; Data sizes:     COMMON   BANK0   BANK1   BANK2   BANK3   BANK4   BANK5   BANK6   BANK7   BANK8   BANK9  BANK10  BANK1
      +1  BANK12  BANK13  BANK14  BANK15  BANK16  BANK17  BANK18  BANK19  BANK20  BANK21  BANK22  BANK23  BANK24  BANK25
   678 ;;      Params:         0       0       0       0       0       0       0       0       0       0       0       0       
      +0       0       0       0       0       0       0       0       0       0       0       0       0       0       0
   679 ;;      Locals:         0       0       0       0       0       0       0       0       0       0       0       0       
      +0       0       0       0       0       0       0       0       0       0       0       0       0       0       0
   680 ;;      Temps:          0       0       0       0       0       0       0       0       0       0       0       0       
      +0       0       0       0       0       0       0       0       0       0       0       0       0       0       0
   681 ;;      Totals:         0       0       0       0       0       0       0       0       0       0       0       0       
      +0       0       0       0       0       0       0       0       0       0       0       0       0       0       0
   682 ;;Total ram usage:        0 bytes
   683 ;; Hardware stack levels required when called: 1
   684 ;; This function calls:
   685 ;;		_Init_PortDirection
   686 ;;		_Init_SystemClock
   687 ;; This function is called by:
   688 ;;		Startup code after reset
   689 ;; This function uses a non-reentrant model
   690 ;;
   691                           
   692     07CF                     _main:	
   693                           ;psect for function _main
   694                           
   695     07CF                     l603:	
   696                           ;incstack = 0
   697                           ; Regs used in _main: [wreg+status,2+status,0+pclath+cstack]
   698                           
   699                           
   700                           ;main.c: 68:     Init_SystemClock();
   701     07CF  3187  27C7  3187   	fcall	_Init_SystemClock
   702                           
   703                           ;main.c: 69:     Init_PortDirection();
   704     07D2  3187  27D7  3187   	fcall	_Init_PortDirection
   705     07D5                     l57:
   706     07D5  3180  2802         	ljmp	start
   707     07D7                     __end_of_main:
   708                           
   709                           	psect	text1
   710     07C7                     __ptext1:	
   711 ;; *************** function _Init_SystemClock *****************
   712 ;; Defined at:
   713 ;;		line 11 in file "main.c"
   714 ;; Parameters:    Size  Location     Type
   715 ;;		None
   716 ;; Auto vars:     Size  Location     Type
   717 ;;		None
   718 ;; Return value:  Size  Location     Type
   719 ;;                  1    wreg      void 
   720 ;; Registers used:
   721 ;;		wreg
   722 ;; Tracked objects:
   723 ;;		On entry : 0/0
   724 ;;		On exit  : 0/0
   725 ;;		Unchanged: 0/0
   726 ;; Data sizes:     COMMON   BANK0   BANK1   BANK2   BANK3   BANK4   BANK5   BANK6   BANK7   BANK8   BANK9  BANK10  BANK1
      +1  BANK12  BANK13  BANK14  BANK15  BANK16  BANK17  BANK18  BANK19  BANK20  BANK21  BANK22  BANK23  BANK24  BANK25
   727 ;;      Params:         0       0       0       0       0       0       0       0       0       0       0       0       
      +0       0       0       0       0       0       0       0       0       0       0       0       0       0       0
   728 ;;      Locals:         0       0       0       0       0       0       0       0       0       0       0       0       
      +0       0       0       0       0       0       0       0       0       0       0       0       0       0       0
   729 ;;      Temps:          0       0       0       0       0       0       0       0       0       0       0       0       
      +0       0       0       0       0       0       0       0       0       0       0       0       0       0       0
   730 ;;      Totals:         0       0       0       0       0       0       0       0       0       0       0       0       
      +0       0       0       0       0       0       0       0       0       0       0       0       0       0       0
   731 ;;Total ram usage:        0 bytes
   732 ;; Hardware stack levels used: 1
   733 ;; This function calls:
   734 ;;		Nothing
   735 ;; This function is called by:
   736 ;;		_main
   737 ;; This function uses a non-reentrant model
   738 ;;
   739                           
   740     07C7                     _Init_SystemClock:	
   741                           ;psect for function _Init_SystemClock
   742                           
   743     07C7                     l583:	
   744                           ;incstack = 0
   745                           ; Regs used in _Init_SystemClock: [wreg]
   746                           
   747                           
   748                           ;main.c: 14:     OSCCON = 0xF0;
   749     07C7  30F0               	movlw	240
   750     07C8  0021               	movlb	1	; select bank1
   751     07C9  009B               	movwf	27	;volatile
   752     07CA                     l37:	
   753                           ;main.c: 16:     while( PLLR != 1 );
   754                           
   755     07CA  1F1C               	btfss	28,6	;volatile
   756     07CB  2FCD               	goto	u11
   757     07CC  2FCE               	goto	u10
   758     07CD                     u11:
   759     07CD  2FCA               	goto	l37
   760     07CE                     u10:
   761     07CE                     l40:
   762     07CE  0008               	return
   763     07CF                     __end_of_Init_SystemClock:
   764                           
   765                           	psect	text2
   766     07D7                     __ptext2:	
   767 ;; *************** function _Init_PortDirection *****************
   768 ;; Defined at:
   769 ;;		line 19 in file "main.c"
   770 ;; Parameters:    Size  Location     Type
   771 ;;		None
   772 ;; Auto vars:     Size  Location     Type
   773 ;;		None
   774 ;; Return value:  Size  Location     Type
   775 ;;                  1    wreg      void 
   776 ;; Registers used:
   777 ;;		wreg, status,2
   778 ;; Tracked objects:
   779 ;;		On entry : 0/0
   780 ;;		On exit  : 0/0
   781 ;;		Unchanged: 0/0
   782 ;; Data sizes:     COMMON   BANK0   BANK1   BANK2   BANK3   BANK4   BANK5   BANK6   BANK7   BANK8   BANK9  BANK10  BANK1
      +1  BANK12  BANK13  BANK14  BANK15  BANK16  BANK17  BANK18  BANK19  BANK20  BANK21  BANK22  BANK23  BANK24  BANK25
   783 ;;      Params:         0       0       0       0       0       0       0       0       0       0       0       0       
      +0       0       0       0       0       0       0       0       0       0       0       0       0       0       0
   784 ;;      Locals:         0       0       0       0       0       0       0       0       0       0       0       0       
      +0       0       0       0       0       0       0       0       0       0       0       0       0       0       0
   785 ;;      Temps:          0       0       0       0       0       0       0       0       0       0       0       0       
      +0       0       0       0       0       0       0       0       0       0       0       0       0       0       0
   786 ;;      Totals:         0       0       0       0       0       0       0       0       0       0       0       0       
      +0       0       0       0       0       0       0       0       0       0       0       0       0       0       0
   787 ;;Total ram usage:        0 bytes
   788 ;; Hardware stack levels used: 1
   789 ;; This function calls:
   790 ;;		Nothing
   791 ;; This function is called by:
   792 ;;		_main
   793 ;; This function uses a non-reentrant model
   794 ;;
   795                           
   796     07D7                     _Init_PortDirection:	
   797                           ;psect for function _Init_PortDirection
   798                           
   799     07D7                     l585:	
   800                           ;incstack = 0
   801                           ; Regs used in _Init_PortDirection: [wreg+status,2]
   802                           
   803                           
   804                           ;main.c: 22:     WPUA = 0xFF;
   805     07D7  30FF               	movlw	255
   806     07D8  0024               	movlb	4	; select bank4
   807     07D9  008C               	movwf	12	;volatile
   808     07DA                     l587:
   809                           
   810                           ;main.c: 23:     LATA = 0x00;
   811     07DA  0022               	movlb	2	; select bank2
   812     07DB  018C               	clrf	12	;volatile
   813     07DC                     l589:
   814                           
   815                           ;main.c: 24:     ODCONA = 0x00;
   816     07DC  0025               	movlb	5	; select bank5
   817     07DD  018C               	clrf	12	;volatile
   818                           
   819                           ;main.c: 25:     TRISA = 0xFF;
   820     07DE  30FF               	movlw	255
   821     07DF  0021               	movlb	1	; select bank1
   822     07E0  008C               	movwf	12	;volatile
   823     07E1                     l591:
   824                           
   825                           ;main.c: 26:     ANSELA = 0x00;
   826     07E1  0023               	movlb	3	; select bank3
   827     07E2  018C               	clrf	12	;volatile
   828     07E3                     l593:
   829                           
   830                           ;main.c: 31:     WPUB = 0xFF;
   831     07E3  30FF               	movlw	255
   832     07E4  0024               	movlb	4	; select bank4
   833     07E5  008D               	movwf	13	;volatile
   834                           
   835                           ;main.c: 32:     LATB = 0x00;
   836     07E6  0022               	movlb	2	; select bank2
   837     07E7  018D               	clrf	13	;volatile
   838                           
   839                           ;main.c: 33:     ODCONB = 0x00;
   840     07E8  0025               	movlb	5	; select bank5
   841     07E9  018D               	clrf	13	;volatile
   842     07EA                     l595:
   843                           
   844                           ;main.c: 34:     TRISB = 0xFF;
   845     07EA  30FF               	movlw	255
   846     07EB  0021               	movlb	1	; select bank1
   847     07EC  008D               	movwf	13	;volatile
   848     07ED                     l597:
   849                           
   850                           ;main.c: 35:     ANSELB = 0x00;
   851     07ED  0023               	movlb	3	; select bank3
   852     07EE  018D               	clrf	13	;volatile
   853                           
   854                           ;main.c: 41:     WPUC = 0xFE;
   855     07EF  30FE               	movlw	254
   856     07F0  0024               	movlb	4	; select bank4
   857     07F1  008E               	movwf	14	;volatile
   858     07F2                     l599:
   859                           
   860                           ;main.c: 42:     LATC = 0x00;
   861     07F2  0022               	movlb	2	; select bank2
   862     07F3  018E               	clrf	14	;volatile
   863     07F4                     l601:
   864                           
   865                           ;main.c: 43:     ODCONC = 0x00;
   866     07F4  0025               	movlb	5	; select bank5
   867     07F5  018E               	clrf	14	;volatile
   868                           
   869                           ;main.c: 44:     TRISC = 0xFE;
   870     07F6  30FE               	movlw	254
   871     07F7  0021               	movlb	1	; select bank1
   872     07F8  008E               	movwf	14	;volatile
   873                           
   874                           ;main.c: 45:     ANSELC = 0xE0;
   875     07F9  30E0               	movlw	224
   876     07FA  0023               	movlb	3	; select bank3
   877     07FB  008E               	movwf	14	;volatile
   878     07FC                     l43:
   879     07FC  0008               	return
   880     07FD                     __end_of_Init_PortDirection:
   881     007E                     btemp	set	126	;btemp
   882     007E                     wtemp0	set	126

Data Sizes:
    Strings     0
    Constant    0
    Data        0
    BSS         0
    Persistent  32
    Stack       0

Auto Spaces:
    Space          Size  Autos    Used
    COMMON           14      0       0
    BANK0            80      0       0
    BANK1            80      0       0
    BANK2            80      0       0
    BANK3            80      0       0
    BANK4            80      0       0
    BANK5            80      0       0
    BANK6            80      0       0
    BANK7            80      0       0
    BANK8            80      0       0
    BANK9            80      0       0
    BANK10           80      0       0
    BANK11           80      0       0
    BANK12           48      0       0
    BANK13           80      0       0
    BANK14           80      0       0
    BANK15           80      0       0
    BANK16           80      0       0
    BANK17           80      0       0
    BANK18           80      0       0
    BANK19           80      0       0
    BANK20           80      0       0
    BANK21           80      0       0
    BANK22           80      0       0
    BANK23           80      0       0
    BANK24           80      0       0
    BANK25           32      0       0

Pointer List with Targets:

    None.

Critical Paths under _main in COMMON

    None.

Critical Paths under _main in BANK0

    None.

Critical Paths under _main in BANK1

    None.

Critical Paths under _main in BANK2

    None.

Critical Paths under _main in BANK3

    None.

Critical Paths under _main in BANK4

    None.

Critical Paths under _main in BANK5

    None.

Critical Paths under _main in BANK6

    None.

Critical Paths under _main in BANK7

    None.

Critical Paths under _main in BANK8

    None.

Critical Paths under _main in BANK9

    None.

Critical Paths under _main in BANK10

    None.

Critical Paths under _main in BANK11

    None.

Critical Paths under _main in BANK12

    None.

Critical Paths under _main in BANK13

    None.

Critical Paths under _main in BANK14

    None.

Critical Paths under _main in BANK15

    None.

Critical Paths under _main in BANK16

    None.

Critical Paths under _main in BANK17

    None.

Critical Paths under _main in BANK18

    None.

Critical Paths under _main in BANK19

    None.

Critical Paths under _main in BANK20

    None.

Critical Paths under _main in BANK21

    None.

Critical Paths under _main in BANK22

    None.

Critical Paths under _main in BANK23

    None.

Critical Paths under _main in BANK24

    None.

Critical Paths under _main in BANK25

    None.

Call Graph Tables:

 ---------------------------------------------------------------------------------
 (Depth) Function   	        Calls       Base Space   Used Autos Params    Refs
 ---------------------------------------------------------------------------------
 (0) _main                                                 0     0      0       0
                 _Init_PortDirection
                   _Init_SystemClock
 ---------------------------------------------------------------------------------
 (1) _Init_SystemClock                                     0     0      0       0
 ---------------------------------------------------------------------------------
 (1) _Init_PortDirection                                   0     0      0       0
 ---------------------------------------------------------------------------------
 Estimated maximum stack depth 1
 ---------------------------------------------------------------------------------

 Call Graph Graphs:

 _main (ROOT)
   _Init_PortDirection
   _Init_SystemClock

 Address spaces:
Name               Size   Autos  Total    Cost      Usage
BIGRAM_1           3E0      0       0       0        0.0%
NULL                 0      0       0       0        0.0%
CODE                 0      0       0       0        0.0%
BIGRAM             3F0      0       0       1        0.0%
BITSFR0              0      0       0       1        0.0%
SFR0                 0      0       0       1        0.0%
BITCOMMON            E      0       0       2        0.0%
BITSFR1              0      0       0       2        0.0%
SFR1                 0      0       0       2        0.0%
COMMON               E      0       0       3        0.0%
BITSFR2              0      0       0       3        0.0%
SFR2                 0      0       0       3        0.0%
BITSFR3              0      0       0       4        0.0%
SFR3                 0      0       0       4        0.0%
STACK                0      0       0       4        0.0%
BANK0               50      0       0       5        0.0%
BITSFR4              0      0       0       5        0.0%
SFR4                 0      0       0       5        0.0%
BITBANK0            50      0       0       6        0.0%
BITSFR5              0      0       0       6        0.0%
SFR5                 0      0       0       6        0.0%
BITBANK1            50      0       0       7        0.0%
BITSFR6              0      0       0       7        0.0%
SFR6                 0      0       0       7        0.0%
BANK1               50      0       0       8        0.0%
BITSFR7              0      0       0       8        0.0%
SFR7                 0      0       0       8        0.0%
BITBANK2            50      0       0       9        0.0%
BITSFR8              0      0       0       9        0.0%
SFR8                 0      0       0       9        0.0%
BANK2               50      0       0      10        0.0%
BITSFR9              0      0       0      10        0.0%
SFR9                 0      0       0      10        0.0%
BITBANK3            50      0       0      11        0.0%
BITSFR10             0      0       0      11        0.0%
SFR10                0      0       0      11        0.0%
BANK3               50      0       0      12        0.0%
BITSFR11             0      0       0      12        0.0%
SFR11                0      0       0      12        0.0%
BITSFR12             0      0       0      13        0.0%
SFR12                0      0       0      13        0.0%
ABS                  0      0       0      13        0.0%
BITBANK4            50      0       0      14        0.0%
BITSFR13             0      0       0      14        0.0%
SFR13                0      0       0      14        0.0%
BANK4               50      0       0      15        0.0%
BITSFR14             0      0       0      15        0.0%
SFR14                0      0       0      15        0.0%
BITBANK5            50      0       0      16        0.0%
BITSFR15             0      0       0      16        0.0%
SFR15                0      0       0      16        0.0%
BANK5               50      0       0      17        0.0%
BITSFR16             0      0       0      17        0.0%
SFR16                0      0       0      17        0.0%
BITBANK6            50      0       0      18        0.0%
BITSFR17             0      0       0      18        0.0%
SFR17                0      0       0      18        0.0%
BANK6               50      0       0      19        0.0%
BITSFR18             0      0       0      19        0.0%
SFR18                0      0       0      19        0.0%
BITBANK7            50      0       0      20        0.0%
BITSFR19             0      0       0      20        0.0%
SFR19                0      0       0      20        0.0%
BANK7               50      0       0      21        0.0%
BITSFR20             0      0       0      21        0.0%
SFR20                0      0       0      21        0.0%
BITBANK8            50      0       0      22        0.0%
BITSFR21             0      0       0      22        0.0%
SFR21                0      0       0      22        0.0%
BANK8               50      0       0      23        0.0%
BITSFR22             0      0       0      23        0.0%
SFR22                0      0       0      23        0.0%
BITBANK9            50      0       0      24        0.0%
BITSFR23             0      0       0      24        0.0%
SFR23                0      0       0      24        0.0%
BANK9               50      0       0      25        0.0%
BITSFR24             0      0       0      25        0.0%
SFR24                0      0       0      25        0.0%
BITBANK10           50      0       0      26        0.0%
BITSFR25             0      0       0      26        0.0%
SFR25                0      0       0      26        0.0%
BANK10              50      0       0      27        0.0%
BITSFR26             0      0       0      27        0.0%
SFR26                0      0       0      27        0.0%
BITBANK11           50      0       0      28        0.0%
BITSFR27             0      0       0      28        0.0%
SFR27                0      0       0      28        0.0%
BANK11              50      0       0      29        0.0%
BITSFR28             0      0       0      29        0.0%
SFR28                0      0       0      29        0.0%
BITSFR29             0      0       0      30        0.0%
SFR29                0      0       0      30        0.0%
DATA                 0      0       0      30        0.0%
BITBANK12           30      0       0      31        0.0%
BITSFR30             0      0       0      31        0.0%
SFR30                0      0       0      31        0.0%
BANK12              30      0       0      32        0.0%
BITSFR31             0      0       0      32        0.0%
SFR31                0      0       0      32        0.0%
BITBANK13           50      0       0      33        0.0%
BANK13              50      0       0      34        0.0%
BITBANK14           50      0       0      35        0.0%
BANK14              50      0       0      36        0.0%
BITBANK15           50      0       0      37        0.0%
BANK15              50      0       0      38        0.0%
BITBANK16           50      0       0      39        0.0%
BANK16              50      0       0      40        0.0%
BITBANK17           50      0       0      41        0.0%
BANK17              50      0       0      42        0.0%
BITBANK18           50      0       0      43        0.0%
BANK18              50      0       0      44        0.0%
BITBANK19           50      0       0      45        0.0%
BANK19              50      0       0      46        0.0%
BITBANK20           50      0       0      47        0.0%
BANK20              50      0       0      48        0.0%
BITBANK21           50      0       0      49        0.0%
BANK21              50      0       0      50        0.0%
BITBANK22           50      0       0      51        0.0%
BANK22              50      0       0      52        0.0%
BITBANK23           50      0       0      53        0.0%
BANK23              50      0       0      54        0.0%
BITBANK24           50      0       0      55        0.0%
BANK24              50      0       0      56        0.0%
BITBANK25           20      0       0      57        0.0%
BANK25              20      0       0      58        0.0%


Microchip Technology PIC Macro Assembler V2.41 build 20230208172133 
Symbol Table                                                                                   Wed Jun 21 22:47:01 2023

        _Init_PortDirection 07D7                          l40 07CE                          l43 07FC  
                        l37 07CA                          l57 07D5                          u10 07CE  
                        u11 07CD         ?_Init_PortDirection 0000                         l601 07F4  
                       l603 07CF                         l591 07E1                         l583 07C7  
                       l593 07E3                         l585 07D7                         l595 07EA  
                       l587 07DA                         l597 07ED                         l589 07DC  
                       l599 07F2                        _LATA 010C                        _LATB 010D  
                      _LATC 010E                        _PLLR 04E6                        _WPUA 020C  
                      _WPUB 020D                        _WPUC 020E                        _main 07CF  
      ??_Init_PortDirection 0000                        btemp 007E                        start 0002  
                     ?_main 0000                       _TRISA 008C                       _TRISB 008D  
                     _TRISC 008E                       wtemp0 007E             __initialization 07FD  
              __end_of_main 07D7    __end_of_Init_SystemClock 07CF                      ??_main 0000  
                    _ANSELA 018C                      _ANSELB 018D                      _ANSELC 018E  
                    _ODCONA 028C                      _ODCONB 028D                      _ODCONC 028E  
                    _OSCCON 009B     __end_of__initialization 07FD              __pcstackCOMMON 0000  
                __pmaintext 07CF                     __ptext1 07C7                     __ptext2 07D7  
         ?_Init_SystemClock 0000          ??_Init_SystemClock 0000        end_of_initialization 07FD  
       start_initialization 07FD                   ___latbits 0003  __end_of_Init_PortDirection 07FD  
          _Init_SystemClock 07C7  
